{"dir":"cli -> ser","time_ms":1762852273860,"len":6,"data":"68 04 07 00 00 00 "}
{"dir":"ser -> cli","time_ms":1762852273860,"len":6,"data":"68 04 0b 00 00 00 "}
{"dir":"ser -> cli","time_ms":1762852273860,"len":18,"data":"68 10 00 00 00 00 0b 01 01 00 01 00 6e 00 00 00 00 00 "}
{"dir":"ser -> cli","time_ms":1762852273860,"len":18,"data":"68 10 02 00 00 00 0b 01 01 00 01 00 6e 00 00 01 00 00 "}
{"dir":"cli -> ser","time_ms":1762852273960,"len":16,"data":"68 0e 00 00 04 00 64 01 06 03 01 00 00 00 00 14 "}
{"dir":"ser -> cli","time_ms":1762852273960,"len":16,"data":"68 0e 04 00 02 00 64 01 07 03 01 00 00 00 00 14 "}
{"dir":"ser -> cli","time_ms":1762852273960,"len":30,"data":"68 1c 06 00 02 00 0b 03 14 00 01 00 64 00 00 ff ff 00 65 00 00 17 00 00 66 00 00 fc 08 00 "}
{"dir":"ser -> cli","time_ms":1762852273960,"len":20,"data":"68 12 08 00 02 00 01 02 14 00 01 00 68 00 00 01 69 00 00 00 "}
{"dir":"ser -> cli","time_ms":1762852273960,"len":23,"data":"68 15 0a 00 02 00 01 88 14 00 01 00 2c 01 00 01 00 01 00 01 00 01 00 "}
{"dir":"ser -> cli","time_ms":1762852273960,"len":20,"data":"68 12 0c 00 02 00 07 01 14 00 01 00 f4 01 00 aa aa 00 00 00 "}
{"dir":"ser -> cli","time_ms":1762852273960,"len":16,"data":"68 0e 0e 00 02 00 64 01 0a 03 01 00 00 00 00 14 "}
{"dir":"ser -> cli","time_ms":1762852277165,"len":18,"data":"68 10 10 00 02 00 0b 01 01 00 01 00 6e 00 00 02 00 00 "}
{"dir":"ser -> cli","time_ms":1762852282172,"len":18,"data":"68 10 12 00 02 00 0b 01 01 00 01 00 6e 00 00 03 00 00 "}
{"dir":"cli -> ser","time_ms":1762852282172,"len":6,"data":"68 04 01 00 14 00 "}
{"dir":"cli -> ser","time_ms":1762852283970,"len":16,"data":"68 0e 02 00 14 00 64 01 06 03 01 00 00 00 00 14 "}
{"dir":"ser -> cli","time_ms":1762852283970,"len":16,"data":"68 0e 14 00 04 00 64 01 07 03 01 00 00 00 00 14 "}
{"dir":"ser -> cli","time_ms":1762852283970,"len":30,"data":"68 1c 16 00 04 00 0b 03 14 00 01 00 64 00 00 ff ff 00 65 00 00 17 00 00 66 00 00 fc 08 00 "}
{"dir":"ser -> cli","time_ms":1762852283970,"len":20,"data":"68 12 18 00 04 00 01 02 14 00 01 00 68 00 00 01 69 00 00 00 "}
{"dir":"ser -> cli","time_ms":1762852283970,"len":23,"data":"68 15 1a 00 04 00 01 88 14 00 01 00 2c 01 00 01 00 01 00 01 00 01 00 "}
{"dir":"ser -> cli","time_ms":1762852283970,"len":20,"data":"68 12 1c 00 04 00 07 01 14 00 01 00 f4 01 00 aa aa 00 00 00 "}
{"dir":"ser -> cli","time_ms":1762852283970,"len":16,"data":"68 0e 1e 00 04 00 64 01 0a 03 01 00 00 00 00 14 "}
{"dir":"ser -> cli","time_ms":1762852287176,"len":18,"data":"68 10 20 00 04 00 0b 01 01 00 01 00 6e 00 00 04 00 00 "}
{"dir":"ser -> cli","time_ms":1762852292184,"len":18,"data":"68 10 22 00 04 00 0b 01 01 00 01 00 6e 00 00 05 00 00 "}
{"dir":"cli -> ser","time_ms":1762852292184,"len":6,"data":"68 04 01 00 24 00 "}
{"dir":"cli -> ser","time_ms":1762852293979,"len":16,"data":"68 0e 04 00 24 00 64 01 06 03 01 00 00 00 00 14 "}
{"dir":"ser -> cli","time_ms":1762852293979,"len":16,"data":"68 0e 24 00 06 00 64 01 07 03 01 00 00 00 00 14 "}
{"dir":"ser -> cli","time_ms":1762852293979,"len":30,"data":"68 1c 26 00 06 00 0b 03 14 00 01 00 64 00 00 ff ff 00 65 00 00 17 00 00 66 00 00 fc 08 00 "}
{"dir":"ser -> cli","time_ms":1762852293979,"len":20,"data":"68 12 28 00 06 00 01 02 14 00 01 00 68 00 00 01 69 00 00 00 "}
{"dir":"ser -> cli","time_ms":1762852293979,"len":23,"data":"68 15 2a 00 06 00 01 88 14 00 01 00 2c 01 00 01 00 01 00 01 00 01 00 "}
{"dir":"ser -> cli","time_ms":1762852293979,"len":20,"data":"68 12 2c 00 06 00 07 01 14 00 01 00 f4 01 00 aa aa 00 00 00 "}
{"dir":"ser -> cli","time_ms":1762852293979,"len":16,"data":"68 0e 2e 00 06 00 64 01 0a 03 01 00 00 00 00 14 "}
{"dir":"ser -> cli","time_ms":1762852297183,"len":18,"data":"68 10 30 00 06 00 0b 01 01 00 01 00 6e 00 00 06 00 00 "}
{"dir":"ser -> cli","time_ms":1762852302191,"len":18,"data":"68 10 32 00 06 00 0b 01 01 00 01 00 6e 00 00 07 00 00 "}
{"dir":"cli -> ser","time_ms":1762852302191,"len":6,"data":"68 04 01 00 34 00 "}
{"dir":"cli -> ser","time_ms":1762852303989,"len":16,"data":"68 0e 06 00 34 00 64 01 06 03 01 00 00 00 00 14 "}
{"dir":"ser -> cli","time_ms":1762852303989,"len":16,"data":"68 0e 34 00 08 00 64 01 07 03 01 00 00 00 00 14 "}
{"dir":"ser -> cli","time_ms":1762852303989,"len":30,"data":"68 1c 36 00 08 00 0b 03 14 00 01 00 64 00 00 ff ff 00 65 00 00 17 00 00 66 00 00 fc 08 00 "}
{"dir":"ser -> cli","time_ms":1762852303989,"len":20,"data":"68 12 38 00 08 00 01 02 14 00 01 00 68 00 00 01 69 00 00 00 "}
{"dir":"ser -> cli","time_ms":1762852303989,"len":23,"data":"68 15 3a 00 08 00 01 88 14 00 01 00 2c 01 00 01 00 01 00 01 00 01 00 "}
{"dir":"ser -> cli","time_ms":1762852303989,"len":20,"data":"68 12 3c 00 08 00 07 01 14 00 01 00 f4 01 00 aa aa 00 00 00 "}
{"dir":"ser -> cli","time_ms":1762852303989,"len":16,"data":"68 0e 3e 00 08 00 64 01 0a 03 01 00 00 00 00 14 "}
{"dir":"ser -> cli","time_ms":1762852307193,"len":18,"data":"68 10 40 00 08 00 0b 01 01 00 01 00 6e 00 00 08 00 00 "}
{"dir":"ser -> cli","time_ms":1762852312201,"len":18,"data":"68 10 42 00 08 00 0b 01 01 00 01 00 6e 00 00 09 00 00 "}
{"dir":"cli -> ser","time_ms":1762852312201,"len":6,"data":"68 04 01 00 44 00 "}
{"dir":"cli -> ser","time_ms":1762852314001,"len":16,"data":"68 0e 08 00 44 00 64 01 06 03 01 00 00 00 00 14 "}
{"dir":"ser -> cli","time_ms":1762852314001,"len":16,"data":"68 0e 44 00 0a 00 64 01 07 03 01 00 00 00 00 14 "}
{"dir":"ser -> cli","time_ms":1762852314001,"len":30,"data":"68 1c 46 00 0a 00 0b 03 14 00 01 00 64 00 00 ff ff 00 65 00 00 17 00 00 66 00 00 fc 08 00 "}
{"dir":"ser -> cli","time_ms":1762852314001,"len":20,"data":"68 12 48 00 0a 00 01 02 14 00 01 00 68 00 00 01 69 00 00 00 "}
{"dir":"ser -> cli","time_ms":1762852314001,"len":23,"data":"68 15 4a 00 0a 00 01 88 14 00 01 00 2c 01 00 01 00 01 00 01 00 01 00 "}
{"dir":"ser -> cli","time_ms":1762852314001,"len":20,"data":"68 12 4c 00 0a 00 07 01 14 00 01 00 f4 01 00 aa aa 00 00 00 "}
{"dir":"ser -> cli","time_ms":1762852314001,"len":16,"data":"68 0e 4e 00 0a 00 64 01 0a 03 01 00 00 00 00 14 "}
{"dir":"ser -> cli","time_ms":1762852317206,"len":18,"data":"68 10 50 00 0a 00 0b 01 01 00 01 00 6e 00 00 0a 00 00 "}
{"dir":"ser -> cli","time_ms":1762852322212,"len":18,"data":"68 10 52 00 0a 00 0b 01 01 00 01 00 6e 00 00 0b 00 00 "}
{"dir":"cli -> ser","time_ms":1762852322212,"len":6,"data":"68 04 01 00 54 00 "}
{"dir":"cli -> ser","time_ms":1762852324010,"len":16,"data":"68 0e 0a 00 54 00 64 01 06 03 01 00 00 00 00 14 "}
{"dir":"ser -> cli","time_ms":1762852324011,"len":16,"data":"68 0e 54 00 0c 00 64 01 07 03 01 00 00 00 00 14 "}
{"dir":"ser -> cli","time_ms":1762852324011,"len":30,"data":"68 1c 56 00 0c 00 0b 03 14 00 01 00 64 00 00 ff ff 00 65 00 00 17 00 00 66 00 00 fc 08 00 "}
{"dir":"ser -> cli","time_ms":1762852324011,"len":20,"data":"68 12 58 00 0c 00 01 02 14 00 01 00 68 00 00 01 69 00 00 00 "}
{"dir":"ser -> cli","time_ms":1762852324011,"len":23,"data":"68 15 5a 00 0c 00 01 88 14 00 01 00 2c 01 00 01 00 01 00 01 00 01 00 "}
{"dir":"ser -> cli","time_ms":1762852324011,"len":20,"data":"68 12 5c 00 0c 00 07 01 14 00 01 00 f4 01 00 aa aa 00 00 00 "}
{"dir":"ser -> cli","time_ms":1762852324011,"len":16,"data":"68 0e 5e 00 0c 00 64 01 0a 03 01 00 00 00 00 14 "}
{"dir":"ser -> cli","time_ms":1762852327216,"len":18,"data":"68 10 60 00 0c 00 0b 01 01 00 01 00 6e 00 00 0c 00 00 "}
{"dir":"ser -> cli","time_ms":1762852332225,"len":18,"data":"68 10 62 00 0c 00 0b 01 01 00 01 00 6e 00 00 0d 00 00 "}
{"dir":"cli -> ser","time_ms":1762852332225,"len":6,"data":"68 04 01 00 64 00 "}
{"dir":"cli -> ser","time_ms":1762852334019,"len":16,"data":"68 0e 0c 00 64 00 64 01 06 03 01 00 00 00 00 14 "}
{"dir":"ser -> cli","time_ms":1762852334019,"len":16,"data":"68 0e 64 00 0e 00 64 01 07 03 01 00 00 00 00 14 "}
{"dir":"ser -> cli","time_ms":1762852334019,"len":30,"data":"68 1c 66 00 0e 00 0b 03 14 00 01 00 64 00 00 ff ff 00 65 00 00 17 00 00 66 00 00 fc 08 00 "}
{"dir":"ser -> cli","time_ms":1762852334019,"len":20,"data":"68 12 68 00 0e 00 01 02 14 00 01 00 68 00 00 01 69 00 00 00 "}
{"dir":"ser -> cli","time_ms":1762852334019,"len":23,"data":"68 15 6a 00 0e 00 01 88 14 00 01 00 2c 01 00 01 00 01 00 01 00 01 00 "}
{"dir":"ser -> cli","time_ms":1762852334019,"len":20,"data":"68 12 6c 00 0e 00 07 01 14 00 01 00 f4 01 00 aa aa 00 00 00 "}
{"dir":"ser -> cli","time_ms":1762852334019,"len":16,"data":"68 0e 6e 00 0e 00 64 01 0a 03 01 00 00 00 00 14 "}
{"dir":"ser -> cli","time_ms":1762852337224,"len":18,"data":"68 10 70 00 0e 00 0b 01 01 00 01 00 6e 00 00 0e 00 00 "}
{"dir":"ser -> cli","time_ms":1762852342232,"len":18,"data":"68 10 72 00 0e 00 0b 01 01 00 01 00 6e 00 00 0f 00 00 "}
{"dir":"cli -> ser","time_ms":1762852342232,"len":6,"data":"68 04 01 00 74 00 "}
{"dir":"cli -> ser","time_ms":1762852344029,"len":16,"data":"68 0e 0e 00 74 00 64 01 06 03 01 00 00 00 00 14 "}
{"dir":"ser -> cli","time_ms":1762852344029,"len":16,"data":"68 0e 74 00 10 00 64 01 07 03 01 00 00 00 00 14 "}
{"dir":"ser -> cli","time_ms":1762852344029,"len":30,"data":"68 1c 76 00 10 00 0b 03 14 00 01 00 64 00 00 ff ff 00 65 00 00 17 00 00 66 00 00 fc 08 00 "}
{"dir":"ser -> cli","time_ms":1762852344029,"len":20,"data":"68 12 78 00 10 00 01 02 14 00 01 00 68 00 00 01 69 00 00 00 "}
{"dir":"ser -> cli","time_ms":1762852344029,"len":23,"data":"68 15 7a 00 10 00 01 88 14 00 01 00 2c 01 00 01 00 01 00 01 00 01 00 "}
{"dir":"ser -> cli","time_ms":1762852344029,"len":20,"data":"68 12 7c 00 10 00 07 01 14 00 01 00 f4 01 00 aa aa 00 00 00 "}
{"dir":"ser -> cli","time_ms":1762852344029,"len":16,"data":"68 0e 7e 00 10 00 64 01 0a 03 01 00 00 00 00 14 "}
{"dir":"ser -> cli","time_ms":1762852347233,"len":18,"data":"68 10 80 00 10 00 0b 01 01 00 01 00 6e 00 00 10 00 00 "}
{"dir":"ser -> cli","time_ms":1762852352240,"len":18,"data":"68 10 82 00 10 00 0b 01 01 00 01 00 6e 00 00 11 00 00 "}
{"dir":"cli -> ser","time_ms":1762852352241,"len":6,"data":"68 04 01 00 84 00 "}
{"dir":"cli -> ser","time_ms":1762852354038,"len":16,"data":"68 0e 10 00 84 00 64 01 06 03 01 00 00 00 00 14 "}
{"dir":"ser -> cli","time_ms":1762852354038,"len":16,"data":"68 0e 84 00 12 00 64 01 07 03 01 00 00 00 00 14 "}
{"dir":"ser -> cli","time_ms":1762852354038,"len":30,"data":"68 1c 86 00 12 00 0b 03 14 00 01 00 64 00 00 ff ff 00 65 00 00 17 00 00 66 00 00 fc 08 00 "}
{"dir":"ser -> cli","time_ms":1762852354038,"len":20,"data":"68 12 88 00 12 00 01 02 14 00 01 00 68 00 00 01 69 00 00 00 "}
{"dir":"ser -> cli","time_ms":1762852354038,"len":23,"data":"68 15 8a 00 12 00 01 88 14 00 01 00 2c 01 00 01 00 01 00 01 00 01 00 "}
{"dir":"ser -> cli","time_ms":1762852354038,"len":20,"data":"68 12 8c 00 12 00 07 01 14 00 01 00 f4 01 00 aa aa 00 00 00 "}
{"dir":"ser -> cli","time_ms":1762852354038,"len":16,"data":"68 0e 8e 00 12 00 64 01 0a 03 01 00 00 00 00 14 "}
{"dir":"ser -> cli","time_ms":1762852357242,"len":18,"data":"68 10 90 00 12 00 0b 01 01 00 01 00 6e 00 00 12 00 00 "}
{"dir":"ser -> cli","time_ms":1762852362149,"len":18,"data":"68 10 92 00 12 00 0b 01 01 00 01 00 6e 00 00 13 00 00 "}
{"dir":"cli -> ser","time_ms":1762852362149,"len":6,"data":"68 04 01 00 94 00 "}
{"dir":"cli -> ser","time_ms":1762852364050,"len":16,"data":"68 0e 12 00 94 00 64 01 06 03 01 00 00 00 00 14 "}
{"dir":"ser -> cli","time_ms":1762852364050,"len":16,"data":"68 0e 94 00 14 00 64 01 07 03 01 00 00 00 00 14 "}
{"dir":"ser -> cli","time_ms":1762852364050,"len":30,"data":"68 1c 96 00 14 00 0b 03 14 00 01 00 64 00 00 ff ff 00 65 00 00 17 00 00 66 00 00 fc 08 00 "}
{"dir":"ser -> cli","time_ms":1762852364050,"len":20,"data":"68 12 98 00 14 00 01 02 14 00 01 00 68 00 00 01 69 00 00 00 "}
{"dir":"ser -> cli","time_ms":1762852364050,"len":23,"data":"68 15 9a 00 14 00 01 88 14 00 01 00 2c 01 00 01 00 01 00 01 00 01 00 "}
{"dir":"ser -> cli","time_ms":1762852364050,"len":20,"data":"68 12 9c 00 14 00 07 01 14 00 01 00 f4 01 00 aa aa 00 00 00 "}
{"dir":"ser -> cli","time_ms":1762852364050,"len":16,"data":"68 0e 9e 00 14 00 64 01 0a 03 01 00 00 00 00 14 "}
{"dir":"ser -> cli","time_ms":1762852367154,"len":18,"data":"68 10 a0 00 14 00 0b 01 01 00 01 00 6e 00 00 14 00 00 "}
{"dir":"ser -> cli","time_ms":1762852372162,"len":18,"data":"68 10 a2 00 14 00 0b 01 01 00 01 00 6e 00 00 15 00 00 "}
{"dir":"cli -> ser","time_ms":1762852372162,"len":6,"data":"68 04 01 00 a4 00 "}
{"dir":"cli -> ser","time_ms":1762852374059,"len":16,"data":"68 0e 14 00 a4 00 64 01 06 03 01 00 00 00 00 14 "}
{"dir":"ser -> cli","time_ms":1762852374059,"len":16,"data":"68 0e a4 00 16 00 64 01 07 03 01 00 00 00 00 14 "}
{"dir":"ser -> cli","time_ms":1762852374059,"len":30,"data":"68 1c a6 00 16 00 0b 03 14 00 01 00 64 00 00 ff ff 00 65 00 00 17 00 00 66 00 00 fc 08 00 "}
{"dir":"ser -> cli","time_ms":1762852374059,"len":20,"data":"68 12 a8 00 16 00 01 02 14 00 01 00 68 00 00 01 69 00 00 00 "}
{"dir":"ser -> cli","time_ms":1762852374059,"len":23,"data":"68 15 aa 00 16 00 01 88 14 00 01 00 2c 01 00 01 00 01 00 01 00 01 00 "}
{"dir":"ser -> cli","time_ms":1762852374059,"len":20,"data":"68 12 ac 00 16 00 07 01 14 00 01 00 f4 01 00 aa aa 00 00 00 "}
{"dir":"ser -> cli","time_ms":1762852374059,"len":16,"data":"68 0e ae 00 16 00 64 01 0a 03 01 00 00 00 00 14 "}
{"dir":"ser -> cli","time_ms":1762852377163,"len":18,"data":"68 10 b0 00 16 00 0b 01 01 00 01 00 6e 00 00 16 00 00 "}
{"dir":"ser -> cli","time_ms":1762852382171,"len":18,"data":"68 10 b2 00 16 00 0b 01 01 00 01 00 6e 00 00 17 00 00 "}
{"dir":"cli -> ser","time_ms":1762852382171,"len":6,"data":"68 04 01 00 b4 00 "}
{"dir":"cli -> ser","time_ms":1762852384067,"len":16,"data":"68 0e 16 00 b4 00 64 01 06 03 01 00 00 00 00 14 "}
{"dir":"ser -> cli","time_ms":1762852384068,"len":16,"data":"68 0e b4 00 18 00 64 01 07 03 01 00 00 00 00 14 "}
{"dir":"ser -> cli","time_ms":1762852384068,"len":30,"data":"68 1c b6 00 18 00 0b 03 14 00 01 00 64 00 00 ff ff 00 65 00 00 17 00 00 66 00 00 fc 08 00 "}
{"dir":"ser -> cli","time_ms":1762852384068,"len":20,"data":"68 12 b8 00 18 00 01 02 14 00 01 00 68 00 00 01 69 00 00 00 "}
{"dir":"ser -> cli","time_ms":1762852384068,"len":23,"data":"68 15 ba 00 18 00 01 88 14 00 01 00 2c 01 00 01 00 01 00 01 00 01 00 "}
{"dir":"ser -> cli","time_ms":1762852384068,"len":20,"data":"68 12 bc 00 18 00 07 01 14 00 01 00 f4 01 00 aa aa 00 00 00 "}
{"dir":"ser -> cli","time_ms":1762852384068,"len":16,"data":"68 0e be 00 18 00 64 01 0a 03 01 00 00 00 00 14 "}
{"dir":"ser -> cli","time_ms":1762852387172,"len":18,"data":"68 10 c0 00 18 00 0b 01 01 00 01 00 6e 00 00 18 00 00 "}
{"dir":"ser -> cli","time_ms":1762852392179,"len":18,"data":"68 10 c2 00 18 00 0b 01 01 00 01 00 6e 00 00 19 00 00 "}
{"dir":"cli -> ser","time_ms":1762852392179,"len":6,"data":"68 04 01 00 c4 00 "}
{"dir":"cli -> ser","time_ms":1762852394076,"len":16,"data":"68 0e 18 00 c4 00 64 01 06 03 01 00 00 00 00 14 "}
{"dir":"ser -> cli","time_ms":1762852394076,"len":16,"data":"68 0e c4 00 1a 00 64 01 07 03 01 00 00 00 00 14 "}
{"dir":"ser -> cli","time_ms":1762852394076,"len":30,"data":"68 1c c6 00 1a 00 0b 03 14 00 01 00 64 00 00 ff ff 00 65 00 00 17 00 00 66 00 00 fc 08 00 "}
{"dir":"ser -> cli","time_ms":1762852394076,"len":20,"data":"68 12 c8 00 1a 00 01 02 14 00 01 00 68 00 00 01 69 00 00 00 "}
{"dir":"ser -> cli","time_ms":1762852394076,"len":23,"data":"68 15 ca 00 1a 00 01 88 14 00 01 00 2c 01 00 01 00 01 00 01 00 01 00 "}
{"dir":"ser -> cli","time_ms":1762852394076,"len":20,"data":"68 12 cc 00 1a 00 07 01 14 00 01 00 f4 01 00 aa aa 00 00 00 "}
{"dir":"ser -> cli","time_ms":1762852394076,"len":16,"data":"68 0e ce 00 1a 00 64 01 0a 03 01 00 00 00 00 14 "}
{"dir":"ser -> cli","time_ms":1762852397181,"len":18,"data":"68 10 d0 00 1a 00 0b 01 01 00 01 00 6e 00 00 1a 00 00 "}
{"dir":"ser -> cli","time_ms":1762852402188,"len":18,"data":"68 10 d2 00 1a 00 0b 01 01 00 01 00 6e 00 00 1b 00 00 "}
{"dir":"cli -> ser","time_ms":1762852402188,"len":6,"data":"68 04 01 00 d4 00 "}
{"dir":"cli -> ser","time_ms":1762852404085,"len":16,"data":"68 0e 1a 00 d4 00 64 01 06 03 01 00 00 00 00 14 "}
{"dir":"ser -> cli","time_ms":1762852404085,"len":16,"data":"68 0e d4 00 1c 00 64 01 07 03 01 00 00 00 00 14 "}
{"dir":"ser -> cli","time_ms":1762852404085,"len":30,"data":"68 1c d6 00 1c 00 0b 03 14 00 01 00 64 00 00 ff ff 00 65 00 00 17 00 00 66 00 00 fc 08 00 "}
{"dir":"ser -> cli","time_ms":1762852404085,"len":20,"data":"68 12 d8 00 1c 00 01 02 14 00 01 00 68 00 00 01 69 00 00 00 "}
{"dir":"ser -> cli","time_ms":1762852404085,"len":23,"data":"68 15 da 00 1c 00 01 88 14 00 01 00 2c 01 00 01 00 01 00 01 00 01 00 "}
{"dir":"ser -> cli","time_ms":1762852404085,"len":20,"data":"68 12 dc 00 1c 00 07 01 14 00 01 00 f4 01 00 aa aa 00 00 00 "}
{"dir":"ser -> cli","time_ms":1762852404085,"len":16,"data":"68 0e de 00 1c 00 64 01 0a 03 01 00 00 00 00 14 "}
{"dir":"ser -> cli","time_ms":1762852407191,"len":18,"data":"68 10 e0 00 1c 00 0b 01 01 00 01 00 6e 00 00 1c 00 00 "}
{"dir":"ser -> cli","time_ms":1762852412199,"len":18,"data":"68 10 e2 00 1c 00 0b 01 01 00 01 00 6e 00 00 1d 00 00 "}
{"dir":"cli -> ser","time_ms":1762852412199,"len":6,"data":"68 04 01 00 e4 00 "}
{"dir":"cli -> ser","time_ms":1762852414096,"len":16,"data":"68 0e 1c 00 e4 00 64 01 06 03 01 00 00 00 00 14 "}
{"dir":"ser -> cli","time_ms":1762852414096,"len":16,"data":"68 0e e4 00 1e 00 64 01 07 03 01 00 00 00 00 14 "}
{"dir":"ser -> cli","time_ms":1762852414096,"len":30,"data":"68 1c e6 00 1e 00 0b 03 14 00 01 00 64 00 00 ff ff 00 65 00 00 17 00 00 66 00 00 fc 08 00 "}
{"dir":"ser -> cli","time_ms":1762852414096,"len":20,"data":"68 12 e8 00 1e 00 01 02 14 00 01 00 68 00 00 01 69 00 00 00 "}
{"dir":"ser -> cli","time_ms":1762852414096,"len":23,"data":"68 15 ea 00 1e 00 01 88 14 00 01 00 2c 01 00 01 00 01 00 01 00 01 00 "}
{"dir":"ser -> cli","time_ms":1762852414096,"len":20,"data":"68 12 ec 00 1e 00 07 01 14 00 01 00 f4 01 00 aa aa 00 00 00 "}
{"dir":"ser -> cli","time_ms":1762852414096,"len":16,"data":"68 0e ee 00 1e 00 64 01 0a 03 01 00 00 00 00 14 "}
{"dir":"ser -> cli","time_ms":1762852417200,"len":18,"data":"68 10 f0 00 1e 00 0b 01 01 00 01 00 6e 00 00 1e 00 00 "}
{"dir":"ser -> cli","time_ms":1762852422207,"len":18,"data":"68 10 f2 00 1e 00 0b 01 01 00 01 00 6e 00 00 1f 00 00 "}
{"dir":"cli -> ser","time_ms":1762852422207,"len":6,"data":"68 04 01 00 f4 00 "}
{"dir":"cli -> ser","time_ms":1762852424105,"len":16,"data":"68 0e 1e 00 f4 00 64 01 06 03 01 00 00 00 00 14 "}
{"dir":"ser -> cli","time_ms":1762852424105,"len":16,"data":"68 0e f4 00 20 00 64 01 07 03 01 00 00 00 00 14 "}
{"dir":"ser -> cli","time_ms":1762852424105,"len":30,"data":"68 1c f6 00 20 00 0b 03 14 00 01 00 64 00 00 ff ff 00 65 00 00 17 00 00 66 00 00 fc 08 00 "}
{"dir":"ser -> cli","time_ms":1762852424105,"len":20,"data":"68 12 f8 00 20 00 01 02 14 00 01 00 68 00 00 01 69 00 00 00 "}
{"dir":"ser -> cli","time_ms":1762852424105,"len":23,"data":"68 15 fa 00 20 00 01 88 14 00 01 00 2c 01 00 01 00 01 00 01 00 01 00 "}
{"dir":"ser -> cli","time_ms":1762852424105,"len":20,"data":"68 12 fc 00 20 00 07 01 14 00 01 00 f4 01 00 aa aa 00 00 00 "}
{"dir":"ser -> cli","time_ms":1762852424105,"len":16,"data":"68 0e fe 00 20 00 64 01 0a 03 01 00 00 00 00 14 "}
{"dir":"ser -> cli","time_ms":1762852427210,"len":18,"data":"68 10 00 01 20 00 0b 01 01 00 01 00 6e 00 00 20 00 00 "}
{"dir":"ser -> cli","time_ms":1762852432217,"len":18,"data":"68 10 02 01 20 00 0b 01 01 00 01 00 6e 00 00 21 00 00 "}
{"dir":"cli -> ser","time_ms":1762852432217,"len":6,"data":"68 04 01 00 04 01 "}
{"dir":"cli -> ser","time_ms":1762852434115,"len":16,"data":"68 0e 20 00 04 01 64 01 06 03 01 00 00 00 00 14 "}
{"dir":"ser -> cli","time_ms":1762852434115,"len":16,"data":"68 0e 04 01 22 00 64 01 07 03 01 00 00 00 00 14 "}
{"dir":"ser -> cli","time_ms":1762852434115,"len":30,"data":"68 1c 06 01 22 00 0b 03 14 00 01 00 64 00 00 ff ff 00 65 00 00 17 00 00 66 00 00 fc 08 00 "}
{"dir":"ser -> cli","time_ms":1762852434115,"len":20,"data":"68 12 08 01 22 00 01 02 14 00 01 00 68 00 00 01 69 00 00 00 "}
{"dir":"ser -> cli","time_ms":1762852434115,"len":23,"data":"68 15 0a 01 22 00 01 88 14 00 01 00 2c 01 00 01 00 01 00 01 00 01 00 "}
{"dir":"ser -> cli","time_ms":1762852434115,"len":20,"data":"68 12 0c 01 22 00 07 01 14 00 01 00 f4 01 00 aa aa 00 00 00 "}
{"dir":"ser -> cli","time_ms":1762852434115,"len":16,"data":"68 0e 0e 01 22 00 64 01 0a 03 01 00 00 00 00 14 "}
{"dir":"ser -> cli","time_ms":1762852437219,"len":18,"data":"68 10 10 01 22 00 0b 01 01 00 01 00 6e 00 00 22 00 00 "}
{"dir":"ser -> cli","time_ms":1762852442227,"len":18,"data":"68 10 12 01 22 00 0b 01 01 00 01 00 6e 00 00 23 00 00 "}
{"dir":"cli -> ser","time_ms":1762852442227,"len":6,"data":"68 04 01 00 14 01 "}
{"dir":"cli -> ser","time_ms":1762852444129,"len":16,"data":"68 0e 22 00 14 01 64 01 06 03 01 00 00 00 00 14 "}
{"dir":"ser -> cli","time_ms":1762852444130,"len":16,"data":"68 0e 14 01 24 00 64 01 07 03 01 00 00 00 00 14 "}
{"dir":"ser -> cli","time_ms":1762852444130,"len":30,"data":"68 1c 16 01 24 00 0b 03 14 00 01 00 64 00 00 ff ff 00 65 00 00 17 00 00 66 00 00 fc 08 00 "}
{"dir":"ser -> cli","time_ms":1762852444130,"len":20,"data":"68 12 18 01 24 00 01 02 14 00 01 00 68 00 00 01 69 00 00 00 "}
{"dir":"ser -> cli","time_ms":1762852444130,"len":23,"data":"68 15 1a 01 24 00 01 88 14 00 01 00 2c 01 00 01 00 01 00 01 00 01 00 "}
{"dir":"ser -> cli","time_ms":1762852444130,"len":20,"data":"68 12 1c 01 24 00 07 01 14 00 01 00 f4 01 00 aa aa 00 00 00 "}
{"dir":"ser -> cli","time_ms":1762852444130,"len":16,"data":"68 0e 1e 01 24 00 64 01 0a 03 01 00 00 00 00 14 "}
{"dir":"ser -> cli","time_ms":1762852447234,"len":18,"data":"68 10 20 01 24 00 0b 01 01 00 01 00 6e 00 00 24 00 00 "}
{"dir":"ser -> cli","time_ms":1762852452241,"len":18,"data":"68 10 22 01 24 00 0b 01 01 00 01 00 6e 00 00 25 00 00 "}
{"dir":"cli -> ser","time_ms":1762852452241,"len":6,"data":"68 04 01 00 24 01 "}
{"dir":"cli -> ser","time_ms":1762852454139,"len":16,"data":"68 0e 24 00 24 01 64 01 06 03 01 00 00 00 00 14 "}
{"dir":"ser -> cli","time_ms":1762852454139,"len":16,"data":"68 0e 24 01 26 00 64 01 07 03 01 00 00 00 00 14 "}
{"dir":"ser -> cli","time_ms":1762852454139,"len":30,"data":"68 1c 26 01 26 00 0b 03 14 00 01 00 64 00 00 ff ff 00 65 00 00 17 00 00 66 00 00 fc 08 00 "}
{"dir":"ser -> cli","time_ms":1762852454139,"len":20,"data":"68 12 28 01 26 00 01 02 14 00 01 00 68 00 00 01 69 00 00 00 "}
{"dir":"ser -> cli","time_ms":1762852454139,"len":23,"data":"68 15 2a 01 26 00 01 88 14 00 01 00 2c 01 00 01 00 01 00 01 00 01 00 "}
{"dir":"ser -> cli","time_ms":1762852454139,"len":20,"data":"68 12 2c 01 26 00 07 01 14 00 01 00 f4 01 00 aa aa 00 00 00 "}
{"dir":"ser -> cli","time_ms":1762852454139,"len":16,"data":"68 0e 2e 01 26 00 64 01 0a 03 01 00 00 00 00 14 "}
{"dir":"ser -> cli","time_ms":1762852457244,"len":18,"data":"68 10 30 01 26 00 0b 01 01 00 01 00 6e 00 00 26 00 00 "}
{"dir":"ser -> cli","time_ms":1762852462151,"len":18,"data":"68 10 32 01 26 00 0b 01 01 00 01 00 6e 00 00 27 00 00 "}
{"dir":"cli -> ser","time_ms":1762852462151,"len":6,"data":"68 04 01 00 34 01 "}
{"dir":"cli -> ser","time_ms":1762852464149,"len":16,"data":"68 0e 26 00 34 01 64 01 06 03 01 00 00 00 00 14 "}
{"dir":"ser -> cli","time_ms":1762852464149,"len":16,"data":"68 0e 34 01 28 00 64 01 07 03 01 00 00 00 00 14 "}
{"dir":"ser -> cli","time_ms":1762852464149,"len":30,"data":"68 1c 36 01 28 00 0b 03 14 00 01 00 64 00 00 ff ff 00 65 00 00 17 00 00 66 00 00 fc 08 00 "}
{"dir":"ser -> cli","time_ms":1762852464150,"len":20,"data":"68 12 38 01 28 00 01 02 14 00 01 00 68 00 00 01 69 00 00 00 "}
{"dir":"ser -> cli","time_ms":1762852464150,"len":23,"data":"68 15 3a 01 28 00 01 88 14 00 01 00 2c 01 00 01 00 01 00 01 00 01 00 "}
{"dir":"ser -> cli","time_ms":1762852464150,"len":20,"data":"68 12 3c 01 28 00 07 01 14 00 01 00 f4 01 00 aa aa 00 00 00 "}
{"dir":"ser -> cli","time_ms":1762852464150,"len":16,"data":"68 0e 3e 01 28 00 64 01 0a 03 01 00 00 00 00 14 "}
{"dir":"ser -> cli","time_ms":1762852467154,"len":18,"data":"68 10 40 01 28 00 0b 01 01 00 01 00 6e 00 00 28 00 00 "}
{"dir":"ser -> cli","time_ms":1762852472163,"len":18,"data":"68 10 42 01 28 00 0b 01 01 00 01 00 6e 00 00 29 00 00 "}
{"dir":"cli -> ser","time_ms":1762852472163,"len":6,"data":"68 04 01 00 44 01 "}
{"dir":"cli -> ser","time_ms":1762852474159,"len":16,"data":"68 0e 28 00 44 01 64 01 06 03 01 00 00 00 00 14 "}
{"dir":"ser -> cli","time_ms":1762852474159,"len":16,"data":"68 0e 44 01 2a 00 64 01 07 03 01 00 00 00 00 14 "}
{"dir":"ser -> cli","time_ms":1762852474159,"len":30,"data":"68 1c 46 01 2a 00 0b 03 14 00 01 00 64 00 00 ff ff 00 65 00 00 17 00 00 66 00 00 fc 08 00 "}
{"dir":"ser -> cli","time_ms":1762852474159,"len":20,"data":"68 12 48 01 2a 00 01 02 14 00 01 00 68 00 00 01 69 00 00 00 "}
{"dir":"ser -> cli","time_ms":1762852474160,"len":23,"data":"68 15 4a 01 2a 00 01 88 14 00 01 00 2c 01 00 01 00 01 00 01 00 01 00 "}
{"dir":"ser -> cli","time_ms":1762852474160,"len":20,"data":"68 12 4c 01 2a 00 07 01 14 00 01 00 f4 01 00 aa aa 00 00 00 "}
{"dir":"ser -> cli","time_ms":1762852474160,"len":16,"data":"68 0e 4e 01 2a 00 64 01 0a 03 01 00 00 00 00 14 "}
{"dir":"ser -> cli","time_ms":1762852477164,"len":18,"data":"68 10 50 01 2a 00 0b 01 01 00 01 00 6e 00 00 2a 00 00 "}
{"dir":"ser -> cli","time_ms":1762852482171,"len":18,"data":"68 10 52 01 2a 00 0b 01 01 00 01 00 6e 00 00 2b 00 00 "}
{"dir":"cli -> ser","time_ms":1762852482171,"len":6,"data":"68 04 01 00 54 01 "}
{"dir":"cli -> ser","time_ms":1762852484169,"len":16,"data":"68 0e 2a 00 54 01 64 01 06 03 01 00 00 00 00 14 "}
{"dir":"ser -> cli","time_ms":1762852484169,"len":16,"data":"68 0e 54 01 2c 00 64 01 07 03 01 00 00 00 00 14 "}
{"dir":"ser -> cli","time_ms":1762852484169,"len":30,"data":"68 1c 56 01 2c 00 0b 03 14 00 01 00 64 00 00 ff ff 00 65 00 00 17 00 00 66 00 00 fc 08 00 "}
{"dir":"ser -> cli","time_ms":1762852484169,"len":20,"data":"68 12 58 01 2c 00 01 02 14 00 01 00 68 00 00 01 69 00 00 00 "}
{"dir":"ser -> cli","time_ms":1762852484169,"len":23,"data":"68 15 5a 01 2c 00 01 88 14 00 01 00 2c 01 00 01 00 01 00 01 00 01 00 "}
{"dir":"ser -> cli","time_ms":1762852484170,"len":20,"data":"68 12 5c 01 2c 00 07 01 14 00 01 00 f4 01 00 aa aa 00 00 00 "}
{"dir":"ser -> cli","time_ms":1762852484170,"len":16,"data":"68 0e 5e 01 2c 00 64 01 0a 03 01 00 00 00 00 14 "}
{"dir":"ser -> cli","time_ms":1762852487176,"len":18,"data":"68 10 60 01 2c 00 0b 01 01 00 01 00 6e 00 00 2c 00 00 "}
{"dir":"ser -> cli","time_ms":1762852492183,"len":18,"data":"68 10 62 01 2c 00 0b 01 01 00 01 00 6e 00 00 2d 00 00 "}
{"dir":"cli -> ser","time_ms":1762852492183,"len":6,"data":"68 04 01 00 64 01 "}
{"dir":"cli -> ser","time_ms":1762852494179,"len":16,"data":"68 0e 2c 00 64 01 64 01 06 03 01 00 00 00 00 14 "}
{"dir":"ser -> cli","time_ms":1762852494179,"len":16,"data":"68 0e 64 01 2e 00 64 01 07 03 01 00 00 00 00 14 "}
{"dir":"ser -> cli","time_ms":1762852494179,"len":30,"data":"68 1c 66 01 2e 00 0b 03 14 00 01 00 64 00 00 ff ff 00 65 00 00 17 00 00 66 00 00 fc 08 00 "}
{"dir":"ser -> cli","time_ms":1762852494179,"len":20,"data":"68 12 68 01 2e 00 01 02 14 00 01 00 68 00 00 01 69 00 00 00 "}
{"dir":"ser -> cli","time_ms":1762852494179,"len":23,"data":"68 15 6a 01 2e 00 01 88 14 00 01 00 2c 01 00 01 00 01 00 01 00 01 00 "}
{"dir":"ser -> cli","time_ms":1762852494179,"len":20,"data":"68 12 6c 01 2e 00 07 01 14 00 01 00 f4 01 00 aa aa 00 00 00 "}
{"dir":"ser -> cli","time_ms":1762852494179,"len":16,"data":"68 0e 6e 01 2e 00 64 01 0a 03 01 00 00 00 00 14 "}
{"dir":"ser -> cli","time_ms":1762852497183,"len":18,"data":"68 10 70 01 2e 00 0b 01 01 00 01 00 6e 00 00 2e 00 00 "}
{"dir":"ser -> cli","time_ms":1762852502191,"len":18,"data":"68 10 72 01 2e 00 0b 01 01 00 01 00 6e 00 00 2f 00 00 "}
{"dir":"cli -> ser","time_ms":1762852502191,"len":6,"data":"68 04 01 00 74 01 "}
{"dir":"cli -> ser","time_ms":1762852504189,"len":16,"data":"68 0e 2e 00 74 01 64 01 06 03 01 00 00 00 00 14 "}
{"dir":"ser -> cli","time_ms":1762852504190,"len":16,"data":"68 0e 74 01 30 00 64 01 07 03 01 00 00 00 00 14 "}
{"dir":"ser -> cli","time_ms":1762852504190,"len":30,"data":"68 1c 76 01 30 00 0b 03 14 00 01 00 64 00 00 ff ff 00 65 00 00 17 00 00 66 00 00 fc 08 00 "}
{"dir":"ser -> cli","time_ms":1762852504190,"len":20,"data":"68 12 78 01 30 00 01 02 14 00 01 00 68 00 00 01 69 00 00 00 "}
{"dir":"ser -> cli","time_ms":1762852504190,"len":23,"data":"68 15 7a 01 30 00 01 88 14 00 01 00 2c 01 00 01 00 01 00 01 00 01 00 "}
{"dir":"ser -> cli","time_ms":1762852504190,"len":20,"data":"68 12 7c 01 30 00 07 01 14 00 01 00 f4 01 00 aa aa 00 00 00 "}
{"dir":"ser -> cli","time_ms":1762852504190,"len":16,"data":"68 0e 7e 01 30 00 64 01 0a 03 01 00 00 00 00 14 "}
{"dir":"ser -> cli","time_ms":1762852507194,"len":18,"data":"68 10 80 01 30 00 0b 01 01 00 01 00 6e 00 00 30 00 00 "}
{"dir":"ser -> cli","time_ms":1762852512202,"len":18,"data":"68 10 82 01 30 00 0b 01 01 00 01 00 6e 00 00 31 00 00 "}
{"dir":"cli -> ser","time_ms":1762852512202,"len":6,"data":"68 04 01 00 84 01 "}
{"dir":"cli -> ser","time_ms":1762852514201,"len":16,"data":"68 0e 30 00 84 01 64 01 06 03 01 00 00 00 00 14 "}
{"dir":"ser -> cli","time_ms":1762852514201,"len":16,"data":"68 0e 84 01 32 00 64 01 07 03 01 00 00 00 00 14 "}
{"dir":"ser -> cli","time_ms":1762852514201,"len":30,"data":"68 1c 86 01 32 00 0b 03 14 00 01 00 64 00 00 ff ff 00 65 00 00 17 00 00 66 00 00 fc 08 00 "}
{"dir":"ser -> cli","time_ms":1762852514201,"len":20,"data":"68 12 88 01 32 00 01 02 14 00 01 00 68 00 00 01 69 00 00 00 "}
{"dir":"ser -> cli","time_ms":1762852514201,"len":23,"data":"68 15 8a 01 32 00 01 88 14 00 01 00 2c 01 00 01 00 01 00 01 00 01 00 "}
{"dir":"ser -> cli","time_ms":1762852514201,"len":20,"data":"68 12 8c 01 32 00 07 01 14 00 01 00 f4 01 00 aa aa 00 00 00 "}
{"dir":"ser -> cli","time_ms":1762852514201,"len":16,"data":"68 0e 8e 01 32 00 64 01 0a 03 01 00 00 00 00 14 "}
{"dir":"ser -> cli","time_ms":1762852517205,"len":18,"data":"68 10 90 01 32 00 0b 01 01 00 01 00 6e 00 00 32 00 00 "}
{"dir":"ser -> cli","time_ms":1762852522213,"len":18,"data":"68 10 92 01 32 00 0b 01 01 00 01 00 6e 00 00 33 00 00 "}
{"dir":"cli -> ser","time_ms":1762852522213,"len":6,"data":"68 04 01 00 94 01 "}
{"dir":"cli -> ser","time_ms":1762852524212,"len":16,"data":"68 0e 32 00 94 01 64 01 06 03 01 00 00 00 00 14 "}
{"dir":"ser -> cli","time_ms":1762852524212,"len":16,"data":"68 0e 94 01 34 00 64 01 07 03 01 00 00 00 00 14 "}
{"dir":"ser -> cli","time_ms":1762852524212,"len":30,"data":"68 1c 96 01 34 00 0b 03 14 00 01 00 64 00 00 ff ff 00 65 00 00 17 00 00 66 00 00 fc 08 00 "}
{"dir":"ser -> cli","time_ms":1762852524212,"len":20,"data":"68 12 98 01 34 00 01 02 14 00 01 00 68 00 00 01 69 00 00 00 "}
{"dir":"ser -> cli","time_ms":1762852524212,"len":23,"data":"68 15 9a 01 34 00 01 88 14 00 01 00 2c 01 00 01 00 01 00 01 00 01 00 "}
{"dir":"ser -> cli","time_ms":1762852524212,"len":20,"data":"68 12 9c 01 34 00 07 01 14 00 01 00 f4 01 00 aa aa 00 00 00 "}
{"dir":"ser -> cli","time_ms":1762852524212,"len":16,"data":"68 0e 9e 01 34 00 64 01 0a 03 01 00 00 00 00 14 "}
{"dir":"ser -> cli","time_ms":1762852527216,"len":18,"data":"68 10 a0 01 34 00 0b 01 01 00 01 00 6e 00 00 34 00 00 "}
{"dir":"ser -> cli","time_ms":1762852532224,"len":18,"data":"68 10 a2 01 34 00 0b 01 01 00 01 00 6e 00 00 35 00 00 "}
{"dir":"cli -> ser","time_ms":1762852532224,"len":6,"data":"68 04 01 00 a4 01 "}
{"dir":"cli -> ser","time_ms":1762852534222,"len":16,"data":"68 0e 34 00 a4 01 64 01 06 03 01 00 00 00 00 14 "}
{"dir":"ser -> cli","time_ms":1762852534222,"len":16,"data":"68 0e a4 01 36 00 64 01 07 03 01 00 00 00 00 14 "}
{"dir":"ser -> cli","time_ms":1762852534222,"len":30,"data":"68 1c a6 01 36 00 0b 03 14 00 01 00 64 00 00 ff ff 00 65 00 00 17 00 00 66 00 00 fc 08 00 "}
{"dir":"ser -> cli","time_ms":1762852534222,"len":20,"data":"68 12 a8 01 36 00 01 02 14 00 01 00 68 00 00 01 69 00 00 00 "}
{"dir":"ser -> cli","time_ms":1762852534222,"len":23,"data":"68 15 aa 01 36 00 01 88 14 00 01 00 2c 01 00 01 00 01 00 01 00 01 00 "}
{"dir":"ser -> cli","time_ms":1762852534222,"len":20,"data":"68 12 ac 01 36 00 07 01 14 00 01 00 f4 01 00 aa aa 00 00 00 "}
{"dir":"ser -> cli","time_ms":1762852534222,"len":16,"data":"68 0e ae 01 36 00 64 01 0a 03 01 00 00 00 00 14 "}
{"dir":"ser -> cli","time_ms":1762852537226,"len":18,"data":"68 10 b0 01 36 00 0b 01 01 00 01 00 6e 00 00 36 00 00 "}
{"dir":"ser -> cli","time_ms":1762852542236,"len":18,"data":"68 10 b2 01 36 00 0b 01 01 00 01 00 6e 00 00 37 00 00 "}
{"dir":"cli -> ser","time_ms":1762852542236,"len":6,"data":"68 04 01 00 b4 01 "}
{"dir":"cli -> ser","time_ms":1762852544232,"len":16,"data":"68 0e 36 00 b4 01 64 01 06 03 01 00 00 00 00 14 "}
{"dir":"ser -> cli","time_ms":1762852544232,"len":16,"data":"68 0e b4 01 38 00 64 01 07 03 01 00 00 00 00 14 "}
{"dir":"ser -> cli","time_ms":1762852544232,"len":30,"data":"68 1c b6 01 38 00 0b 03 14 00 01 00 64 00 00 ff ff 00 65 00 00 17 00 00 66 00 00 fc 08 00 "}
{"dir":"ser -> cli","time_ms":1762852544232,"len":20,"data":"68 12 b8 01 38 00 01 02 14 00 01 00 68 00 00 01 69 00 00 00 "}
{"dir":"ser -> cli","time_ms":1762852544232,"len":23,"data":"68 15 ba 01 38 00 01 88 14 00 01 00 2c 01 00 01 00 01 00 01 00 01 00 "}
{"dir":"ser -> cli","time_ms":1762852544232,"len":20,"data":"68 12 bc 01 38 00 07 01 14 00 01 00 f4 01 00 aa aa 00 00 00 "}
{"dir":"ser -> cli","time_ms":1762852544232,"len":16,"data":"68 0e be 01 38 00 64 01 0a 03 01 00 00 00 00 14 "}
{"dir":"ser -> cli","time_ms":1762852547237,"len":18,"data":"68 10 c0 01 38 00 0b 01 01 00 01 00 6e 00 00 38 00 00 "}
{"dir":"ser -> cli","time_ms":1762852552245,"len":18,"data":"68 10 c2 01 38 00 0b 01 01 00 01 00 6e 00 00 39 00 00 "}
{"dir":"cli -> ser","time_ms":1762852552246,"len":6,"data":"68 04 01 00 c4 01 "}
{"dir":"cli -> ser","time_ms":1762852554242,"len":16,"data":"68 0e 38 00 c4 01 64 01 06 03 01 00 00 00 00 14 "}
{"dir":"ser -> cli","time_ms":1762852554242,"len":16,"data":"68 0e c4 01 3a 00 64 01 07 03 01 00 00 00 00 14 "}
{"dir":"ser -> cli","time_ms":1762852554242,"len":30,"data":"68 1c c6 01 3a 00 0b 03 14 00 01 00 64 00 00 ff ff 00 65 00 00 17 00 00 66 00 00 fc 08 00 "}
{"dir":"ser -> cli","time_ms":1762852554242,"len":20,"data":"68 12 c8 01 3a 00 01 02 14 00 01 00 68 00 00 01 69 00 00 00 "}
{"dir":"ser -> cli","time_ms":1762852554242,"len":23,"data":"68 15 ca 01 3a 00 01 88 14 00 01 00 2c 01 00 01 00 01 00 01 00 01 00 "}
{"dir":"ser -> cli","time_ms":1762852554242,"len":20,"data":"68 12 cc 01 3a 00 07 01 14 00 01 00 f4 01 00 aa aa 00 00 00 "}
{"dir":"ser -> cli","time_ms":1762852554242,"len":16,"data":"68 0e ce 01 3a 00 64 01 0a 03 01 00 00 00 00 14 "}
{"dir":"ser -> cli","time_ms":1762852557247,"len":18,"data":"68 10 d0 01 3a 00 0b 01 01 00 01 00 6e 00 00 3a 00 00 "}
{"dir":"ser -> cli","time_ms":1762852562155,"len":18,"data":"68 10 d2 01 3a 00 0b 01 01 00 01 00 6e 00 00 3b 00 00 "}
{"dir":"cli -> ser","time_ms":1762852562155,"len":6,"data":"68 04 01 00 d4 01 "}
{"dir":"cli -> ser","time_ms":1762852564252,"len":16,"data":"68 0e 3a 00 d4 01 64 01 06 03 01 00 00 00 00 14 "}
{"dir":"ser -> cli","time_ms":1762852564252,"len":16,"data":"68 0e d4 01 3c 00 64 01 07 03 01 00 00 00 00 14 "}
{"dir":"ser -> cli","time_ms":1762852564252,"len":30,"data":"68 1c d6 01 3c 00 0b 03 14 00 01 00 64 00 00 ff ff 00 65 00 00 17 00 00 66 00 00 fc 08 00 "}
{"dir":"ser -> cli","time_ms":1762852564252,"len":20,"data":"68 12 d8 01 3c 00 01 02 14 00 01 00 68 00 00 01 69 00 00 00 "}
{"dir":"ser -> cli","time_ms":1762852564252,"len":23,"data":"68 15 da 01 3c 00 01 88 14 00 01 00 2c 01 00 01 00 01 00 01 00 01 00 "}
{"dir":"ser -> cli","time_ms":1762852564252,"len":20,"data":"68 12 dc 01 3c 00 07 01 14 00 01 00 f4 01 00 aa aa 00 00 00 "}
{"dir":"ser -> cli","time_ms":1762852564252,"len":16,"data":"68 0e de 01 3c 00 64 01 0a 03 01 00 00 00 00 14 "}
{"dir":"ser -> cli","time_ms":1762852567156,"len":18,"data":"68 10 e0 01 3c 00 0b 01 01 00 01 00 6e 00 00 3c 00 00 "}
{"dir":"ser -> cli","time_ms":1762852572164,"len":18,"data":"68 10 e2 01 3c 00 0b 01 01 00 01 00 6e 00 00 3d 00 00 "}
{"dir":"cli -> ser","time_ms":1762852572164,"len":6,"data":"68 04 01 00 e4 01 "}
{"dir":"cli -> ser","time_ms":1762852574263,"len":16,"data":"68 0e 3c 00 e4 01 64 01 06 03 01 00 00 00 00 14 "}
{"dir":"ser -> cli","time_ms":1762852574263,"len":16,"data":"68 0e e4 01 3e 00 64 01 07 03 01 00 00 00 00 14 "}
{"dir":"ser -> cli","time_ms":1762852574263,"len":30,"data":"68 1c e6 01 3e 00 0b 03 14 00 01 00 64 00 00 ff ff 00 65 00 00 17 00 00 66 00 00 fc 08 00 "}
{"dir":"ser -> cli","time_ms":1762852574263,"len":20,"data":"68 12 e8 01 3e 00 01 02 14 00 01 00 68 00 00 01 69 00 00 00 "}
{"dir":"ser -> cli","time_ms":1762852574263,"len":23,"data":"68 15 ea 01 3e 00 01 88 14 00 01 00 2c 01 00 01 00 01 00 01 00 01 00 "}
{"dir":"ser -> cli","time_ms":1762852574263,"len":20,"data":"68 12 ec 01 3e 00 07 01 14 00 01 00 f4 01 00 aa aa 00 00 00 "}
{"dir":"ser -> cli","time_ms":1762852574263,"len":16,"data":"68 0e ee 01 3e 00 64 01 0a 03 01 00 00 00 00 14 "}
{"dir":"ser -> cli","time_ms":1762852577167,"len":18,"data":"68 10 f0 01 3e 00 0b 01 01 00 01 00 6e 00 00 3e 00 00 "}
{"dir":"ser -> cli","time_ms":1762852582175,"len":18,"data":"68 10 f2 01 3e 00 0b 01 01 00 01 00 6e 00 00 3f 00 00 "}
{"dir":"cli -> ser","time_ms":1762852582175,"len":6,"data":"68 04 01 00 f4 01 "}
{"dir":"cli -> ser","time_ms":1762852584273,"len":16,"data":"68 0e 3e 00 f4 01 64 01 06 03 01 00 00 00 00 14 "}
{"dir":"ser -> cli","time_ms":1762852584273,"len":16,"data":"68 0e f4 01 40 00 64 01 07 03 01 00 00 00 00 14 "}
{"dir":"ser -> cli","time_ms":1762852584273,"len":30,"data":"68 1c f6 01 40 00 0b 03 14 00 01 00 64 00 00 ff ff 00 65 00 00 17 00 00 66 00 00 fc 08 00 "}
{"dir":"ser -> cli","time_ms":1762852584273,"len":20,"data":"68 12 f8 01 40 00 01 02 14 00 01 00 68 00 00 01 69 00 00 00 "}
{"dir":"ser -> cli","time_ms":1762852584273,"len":23,"data":"68 15 fa 01 40 00 01 88 14 00 01 00 2c 01 00 01 00 01 00 01 00 01 00 "}
{"dir":"ser -> cli","time_ms":1762852584273,"len":20,"data":"68 12 fc 01 40 00 07 01 14 00 01 00 f4 01 00 aa aa 00 00 00 "}
{"dir":"ser -> cli","time_ms":1762852584273,"len":16,"data":"68 0e fe 01 40 00 64 01 0a 03 01 00 00 00 00 14 "}
{"dir":"ser -> cli","time_ms":1762852587177,"len":18,"data":"68 10 00 02 40 00 0b 01 01 00 01 00 6e 00 00 40 00 00 "}
{"dir":"ser -> cli","time_ms":1762852592185,"len":18,"data":"68 10 02 02 40 00 0b 01 01 00 01 00 6e 00 00 41 00 00 "}
{"dir":"cli -> ser","time_ms":1762852592185,"len":6,"data":"68 04 01 00 04 02 "}
{"dir":"cli -> ser","time_ms":1762852594285,"len":16,"data":"68 0e 40 00 04 02 64 01 06 03 01 00 00 00 00 14 "}
{"dir":"ser -> cli","time_ms":1762852594285,"len":16,"data":"68 0e 04 02 42 00 64 01 07 03 01 00 00 00 00 14 "}
{"dir":"ser -> cli","time_ms":1762852594285,"len":30,"data":"68 1c 06 02 42 00 0b 03 14 00 01 00 64 00 00 ff ff 00 65 00 00 17 00 00 66 00 00 fc 08 00 "}
{"dir":"ser -> cli","time_ms":1762852594285,"len":20,"data":"68 12 08 02 42 00 01 02 14 00 01 00 68 00 00 01 69 00 00 00 "}
{"dir":"ser -> cli","time_ms":1762852594285,"len":23,"data":"68 15 0a 02 42 00 01 88 14 00 01 00 2c 01 00 01 00 01 00 01 00 01 00 "}
{"dir":"ser -> cli","time_ms":1762852594285,"len":20,"data":"68 12 0c 02 42 00 07 01 14 00 01 00 f4 01 00 aa aa 00 00 00 "}
{"dir":"ser -> cli","time_ms":1762852594285,"len":16,"data":"68 0e 0e 02 42 00 64 01 0a 03 01 00 00 00 00 14 "}
{"dir":"ser -> cli","time_ms":1762852597189,"len":18,"data":"68 10 10 02 42 00 0b 01 01 00 01 00 6e 00 00 42 00 00 "}
{"dir":"ser -> cli","time_ms":1762852602196,"len":18,"data":"68 10 12 02 42 00 0b 01 01 00 01 00 6e 00 00 43 00 00 "}
{"dir":"cli -> ser","time_ms":1762852602196,"len":6,"data":"68 04 01 00 14 02 "}
{"dir":"cli -> ser","time_ms":1762852604295,"len":16,"data":"68 0e 42 00 14 02 64 01 06 03 01 00 00 00 00 14 "}
{"dir":"ser -> cli","time_ms":1762852604295,"len":16,"data":"68 0e 14 02 44 00 64 01 07 03 01 00 00 00 00 14 "}
{"dir":"ser -> cli","time_ms":1762852604295,"len":30,"data":"68 1c 16 02 44 00 0b 03 14 00 01 00 64 00 00 ff ff 00 65 00 00 17 00 00 66 00 00 fc 08 00 "}
{"dir":"ser -> cli","time_ms":1762852604295,"len":20,"data":"68 12 18 02 44 00 01 02 14 00 01 00 68 00 00 01 69 00 00 00 "}
{"dir":"ser -> cli","time_ms":1762852604295,"len":23,"data":"68 15 1a 02 44 00 01 88 14 00 01 00 2c 01 00 01 00 01 00 01 00 01 00 "}
{"dir":"ser -> cli","time_ms":1762852604295,"len":20,"data":"68 12 1c 02 44 00 07 01 14 00 01 00 f4 01 00 aa aa 00 00 00 "}
{"dir":"ser -> cli","time_ms":1762852604295,"len":16,"data":"68 0e 1e 02 44 00 64 01 0a 03 01 00 00 00 00 14 "}
{"dir":"ser -> cli","time_ms":1762852607200,"len":18,"data":"68 10 20 02 44 00 0b 01 01 00 01 00 6e 00 00 44 00 00 "}
{"dir":"ser -> cli","time_ms":1762852612207,"len":18,"data":"68 10 22 02 44 00 0b 01 01 00 01 00 6e 00 00 45 00 00 "}
{"dir":"cli -> ser","time_ms":1762852612207,"len":6,"data":"68 04 01 00 24 02 "}
{"dir":"cli -> ser","time_ms":1762852614305,"len":16,"data":"68 0e 44 00 24 02 64 01 06 03 01 00 00 00 00 14 "}
{"dir":"ser -> cli","time_ms":1762852614305,"len":16,"data":"68 0e 24 02 46 00 64 01 07 03 01 00 00 00 00 14 "}
{"dir":"ser -> cli","time_ms":1762852614305,"len":30,"data":"68 1c 26 02 46 00 0b 03 14 00 01 00 64 00 00 ff ff 00 65 00 00 17 00 00 66 00 00 fc 08 00 "}
{"dir":"ser -> cli","time_ms":1762852614305,"len":20,"data":"68 12 28 02 46 00 01 02 14 00 01 00 68 00 00 01 69 00 00 00 "}
{"dir":"ser -> cli","time_ms":1762852614305,"len":23,"data":"68 15 2a 02 46 00 01 88 14 00 01 00 2c 01 00 01 00 01 00 01 00 01 00 "}
{"dir":"ser -> cli","time_ms":1762852614305,"len":20,"data":"68 12 2c 02 46 00 07 01 14 00 01 00 f4 01 00 aa aa 00 00 00 "}
{"dir":"ser -> cli","time_ms":1762852614305,"len":16,"data":"68 0e 2e 02 46 00 64 01 0a 03 01 00 00 00 00 14 "}
{"dir":"ser -> cli","time_ms":1762852617209,"len":18,"data":"68 10 30 02 46 00 0b 01 01 00 01 00 6e 00 00 46 00 00 "}
{"dir":"ser -> cli","time_ms":1762852622217,"len":18,"data":"68 10 32 02 46 00 0b 01 01 00 01 00 6e 00 00 47 00 00 "}
{"dir":"cli -> ser","time_ms":1762852622217,"len":6,"data":"68 04 01 00 34 02 "}
{"dir":"cli -> ser","time_ms":1762852624315,"len":16,"data":"68 0e 46 00 34 02 64 01 06 03 01 00 00 00 00 14 "}
{"dir":"ser -> cli","time_ms":1762852624315,"len":16,"data":"68 0e 34 02 48 00 64 01 07 03 01 00 00 00 00 14 "}
{"dir":"ser -> cli","time_ms":1762852624315,"len":30,"data":"68 1c 36 02 48 00 0b 03 14 00 01 00 64 00 00 ff ff 00 65 00 00 17 00 00 66 00 00 fc 08 00 "}
{"dir":"ser -> cli","time_ms":1762852624315,"len":20,"data":"68 12 38 02 48 00 01 02 14 00 01 00 68 00 00 01 69 00 00 00 "}
{"dir":"ser -> cli","time_ms":1762852624315,"len":23,"data":"68 15 3a 02 48 00 01 88 14 00 01 00 2c 01 00 01 00 01 00 01 00 01 00 "}
{"dir":"ser -> cli","time_ms":1762852624315,"len":20,"data":"68 12 3c 02 48 00 07 01 14 00 01 00 f4 01 00 aa aa 00 00 00 "}
{"dir":"ser -> cli","time_ms":1762852624315,"len":16,"data":"68 0e 3e 02 48 00 64 01 0a 03 01 00 00 00 00 14 "}
{"dir":"ser -> cli","time_ms":1762852627219,"len":18,"data":"68 10 40 02 48 00 0b 01 01 00 01 00 6e 00 00 48 00 00 "}
{"dir":"ser -> cli","time_ms":1762852632227,"len":18,"data":"68 10 42 02 48 00 0b 01 01 00 01 00 6e 00 00 49 00 00 "}
{"dir":"cli -> ser","time_ms":1762852632227,"len":6,"data":"68 04 01 00 44 02 "}
{"dir":"cli -> ser","time_ms":1762852634327,"len":16,"data":"68 0e 48 00 44 02 64 01 06 03 01 00 00 00 00 14 "}
{"dir":"ser -> cli","time_ms":1762852634327,"len":16,"data":"68 0e 44 02 4a 00 64 01 07 03 01 00 00 00 00 14 "}
{"dir":"ser -> cli","time_ms":1762852634327,"len":30,"data":"68 1c 46 02 4a 00 0b 03 14 00 01 00 64 00 00 ff ff 00 65 00 00 17 00 00 66 00 00 fc 08 00 "}
{"dir":"ser -> cli","time_ms":1762852634327,"len":20,"data":"68 12 48 02 4a 00 01 02 14 00 01 00 68 00 00 01 69 00 00 00 "}
{"dir":"ser -> cli","time_ms":1762852634328,"len":23,"data":"68 15 4a 02 4a 00 01 88 14 00 01 00 2c 01 00 01 00 01 00 01 00 01 00 "}
{"dir":"ser -> cli","time_ms":1762852634328,"len":20,"data":"68 12 4c 02 4a 00 07 01 14 00 01 00 f4 01 00 aa aa 00 00 00 "}
{"dir":"ser -> cli","time_ms":1762852634328,"len":16,"data":"68 0e 4e 02 4a 00 64 01 0a 03 01 00 00 00 00 14 "}
{"dir":"ser -> cli","time_ms":1762852637231,"len":18,"data":"68 10 50 02 4a 00 0b 01 01 00 01 00 6e 00 00 4a 00 00 "}
{"dir":"ser -> cli","time_ms":1762852642239,"len":18,"data":"68 10 52 02 4a 00 0b 01 01 00 01 00 6e 00 00 4b 00 00 "}
{"dir":"cli -> ser","time_ms":1762852642239,"len":6,"data":"68 04 01 00 54 02 "}
{"dir":"cli -> ser","time_ms":1762852644338,"len":16,"data":"68 0e 4a 00 54 02 64 01 06 03 01 00 00 00 00 14 "}
{"dir":"ser -> cli","time_ms":1762852644338,"len":16,"data":"68 0e 54 02 4c 00 64 01 07 03 01 00 00 00 00 14 "}
{"dir":"ser -> cli","time_ms":1762852644338,"len":30,"data":"68 1c 56 02 4c 00 0b 03 14 00 01 00 64 00 00 ff ff 00 65 00 00 17 00 00 66 00 00 fc 08 00 "}
{"dir":"ser -> cli","time_ms":1762852644338,"len":20,"data":"68 12 58 02 4c 00 01 02 14 00 01 00 68 00 00 01 69 00 00 00 "}
{"dir":"ser -> cli","time_ms":1762852644338,"len":23,"data":"68 15 5a 02 4c 00 01 88 14 00 01 00 2c 01 00 01 00 01 00 01 00 01 00 "}
{"dir":"ser -> cli","time_ms":1762852644338,"len":20,"data":"68 12 5c 02 4c 00 07 01 14 00 01 00 f4 01 00 aa aa 00 00 00 "}
{"dir":"ser -> cli","time_ms":1762852644338,"len":16,"data":"68 0e 5e 02 4c 00 64 01 0a 03 01 00 00 00 00 14 "}
{"dir":"ser -> cli","time_ms":1762852647242,"len":18,"data":"68 10 60 02 4c 00 0b 01 01 00 01 00 6e 00 00 4c 00 00 "}
{"dir":"ser -> cli","time_ms":1762852652249,"len":18,"data":"68 10 62 02 4c 00 0b 01 01 00 01 00 6e 00 00 4d 00 00 "}
{"dir":"cli -> ser","time_ms":1762852652249,"len":6,"data":"68 04 01 00 64 02 "}
{"dir":"cli -> ser","time_ms":1762852654348,"len":16,"data":"68 0e 4c 00 64 02 64 01 06 03 01 00 00 00 00 14 "}
{"dir":"ser -> cli","time_ms":1762852654348,"len":16,"data":"68 0e 64 02 4e 00 64 01 07 03 01 00 00 00 00 14 "}
{"dir":"ser -> cli","time_ms":1762852654348,"len":30,"data":"68 1c 66 02 4e 00 0b 03 14 00 01 00 64 00 00 ff ff 00 65 00 00 17 00 00 66 00 00 fc 08 00 "}
{"dir":"ser -> cli","time_ms":1762852654348,"len":20,"data":"68 12 68 02 4e 00 01 02 14 00 01 00 68 00 00 01 69 00 00 00 "}
{"dir":"ser -> cli","time_ms":1762852654348,"len":23,"data":"68 15 6a 02 4e 00 01 88 14 00 01 00 2c 01 00 01 00 01 00 01 00 01 00 "}
{"dir":"ser -> cli","time_ms":1762852654348,"len":20,"data":"68 12 6c 02 4e 00 07 01 14 00 01 00 f4 01 00 aa aa 00 00 00 "}
{"dir":"ser -> cli","time_ms":1762852654348,"len":16,"data":"68 0e 6e 02 4e 00 64 01 0a 03 01 00 00 00 00 14 "}
{"dir":"ser -> cli","time_ms":1762852657253,"len":18,"data":"68 10 70 02 4e 00 0b 01 01 00 01 00 6e 00 00 4e 00 00 "}
{"dir":"ser -> cli","time_ms":1762852662159,"len":18,"data":"68 10 72 02 4e 00 0b 01 01 00 01 00 6e 00 00 4f 00 00 "}
{"dir":"cli -> ser","time_ms":1762852662159,"len":6,"data":"68 04 01 00 74 02 "}
{"dir":"cli -> ser","time_ms":1762852664358,"len":16,"data":"68 0e 4e 00 74 02 64 01 06 03 01 00 00 00 00 14 "}
{"dir":"ser -> cli","time_ms":1762852664358,"len":16,"data":"68 0e 74 02 50 00 64 01 07 03 01 00 00 00 00 14 "}
{"dir":"ser -> cli","time_ms":1762852664358,"len":30,"data":"68 1c 76 02 50 00 0b 03 14 00 01 00 64 00 00 ff ff 00 65 00 00 17 00 00 66 00 00 fc 08 00 "}
{"dir":"ser -> cli","time_ms":1762852664358,"len":20,"data":"68 12 78 02 50 00 01 02 14 00 01 00 68 00 00 01 69 00 00 00 "}
{"dir":"ser -> cli","time_ms":1762852664358,"len":23,"data":"68 15 7a 02 50 00 01 88 14 00 01 00 2c 01 00 01 00 01 00 01 00 01 00 "}
{"dir":"ser -> cli","time_ms":1762852664358,"len":20,"data":"68 12 7c 02 50 00 07 01 14 00 01 00 f4 01 00 aa aa 00 00 00 "}
{"dir":"ser -> cli","time_ms":1762852664358,"len":16,"data":"68 0e 7e 02 50 00 64 01 0a 03 01 00 00 00 00 14 "}
{"dir":"ser -> cli","time_ms":1762852667163,"len":18,"data":"68 10 80 02 50 00 0b 01 01 00 01 00 6e 00 00 50 00 00 "}
{"dir":"ser -> cli","time_ms":1762852672170,"len":18,"data":"68 10 82 02 50 00 0b 01 01 00 01 00 6e 00 00 51 00 00 "}
{"dir":"cli -> ser","time_ms":1762852672170,"len":6,"data":"68 04 01 00 84 02 "}
{"dir":"cli -> ser","time_ms":1762852674368,"len":16,"data":"68 0e 50 00 84 02 64 01 06 03 01 00 00 00 00 14 "}
{"dir":"ser -> cli","time_ms":1762852674368,"len":16,"data":"68 0e 84 02 52 00 64 01 07 03 01 00 00 00 00 14 "}
{"dir":"ser -> cli","time_ms":1762852674368,"len":30,"data":"68 1c 86 02 52 00 0b 03 14 00 01 00 64 00 00 ff ff 00 65 00 00 17 00 00 66 00 00 fc 08 00 "}
{"dir":"ser -> cli","time_ms":1762852674368,"len":20,"data":"68 12 88 02 52 00 01 02 14 00 01 00 68 00 00 01 69 00 00 00 "}
{"dir":"ser -> cli","time_ms":1762852674368,"len":23,"data":"68 15 8a 02 52 00 01 88 14 00 01 00 2c 01 00 01 00 01 00 01 00 01 00 "}
{"dir":"ser -> cli","time_ms":1762852674368,"len":20,"data":"68 12 8c 02 52 00 07 01 14 00 01 00 f4 01 00 aa aa 00 00 00 "}
{"dir":"ser -> cli","time_ms":1762852674368,"len":16,"data":"68 0e 8e 02 52 00 64 01 0a 03 01 00 00 00 00 14 "}
{"dir":"ser -> cli","time_ms":1762852677172,"len":18,"data":"68 10 90 02 52 00 0b 01 01 00 01 00 6e 00 00 52 00 00 "}
{"dir":"ser -> cli","time_ms":1762852682179,"len":18,"data":"68 10 92 02 52 00 0b 01 01 00 01 00 6e 00 00 53 00 00 "}
{"dir":"cli -> ser","time_ms":1762852682179,"len":6,"data":"68 04 01 00 94 02 "}
{"dir":"cli -> ser","time_ms":1762852684378,"len":16,"data":"68 0e 52 00 94 02 64 01 06 03 01 00 00 00 00 14 "}
{"dir":"ser -> cli","time_ms":1762852684378,"len":16,"data":"68 0e 94 02 54 00 64 01 07 03 01 00 00 00 00 14 "}
{"dir":"ser -> cli","time_ms":1762852684378,"len":30,"data":"68 1c 96 02 54 00 0b 03 14 00 01 00 64 00 00 ff ff 00 65 00 00 17 00 00 66 00 00 fc 08 00 "}
{"dir":"ser -> cli","time_ms":1762852684378,"len":20,"data":"68 12 98 02 54 00 01 02 14 00 01 00 68 00 00 01 69 00 00 00 "}
{"dir":"ser -> cli","time_ms":1762852684378,"len":23,"data":"68 15 9a 02 54 00 01 88 14 00 01 00 2c 01 00 01 00 01 00 01 00 01 00 "}
{"dir":"ser -> cli","time_ms":1762852684378,"len":20,"data":"68 12 9c 02 54 00 07 01 14 00 01 00 f4 01 00 aa aa 00 00 00 "}
{"dir":"ser -> cli","time_ms":1762852684378,"len":16,"data":"68 0e 9e 02 54 00 64 01 0a 03 01 00 00 00 00 14 "}
{"dir":"ser -> cli","time_ms":1762852687182,"len":18,"data":"68 10 a0 02 54 00 0b 01 01 00 01 00 6e 00 00 54 00 00 "}
{"dir":"ser -> cli","time_ms":1762852692190,"len":18,"data":"68 10 a2 02 54 00 0b 01 01 00 01 00 6e 00 00 55 00 00 "}
{"dir":"cli -> ser","time_ms":1762852692190,"len":6,"data":"68 04 01 00 a4 02 "}
{"dir":"cli -> ser","time_ms":1762852694388,"len":16,"data":"68 0e 54 00 a4 02 64 01 06 03 01 00 00 00 00 14 "}
{"dir":"ser -> cli","time_ms":1762852694388,"len":16,"data":"68 0e a4 02 56 00 64 01 07 03 01 00 00 00 00 14 "}
{"dir":"ser -> cli","time_ms":1762852694388,"len":30,"data":"68 1c a6 02 56 00 0b 03 14 00 01 00 64 00 00 ff ff 00 65 00 00 17 00 00 66 00 00 fc 08 00 "}
{"dir":"ser -> cli","time_ms":1762852694388,"len":20,"data":"68 12 a8 02 56 00 01 02 14 00 01 00 68 00 00 01 69 00 00 00 "}
{"dir":"ser -> cli","time_ms":1762852694388,"len":23,"data":"68 15 aa 02 56 00 01 88 14 00 01 00 2c 01 00 01 00 01 00 01 00 01 00 "}
{"dir":"ser -> cli","time_ms":1762852694388,"len":20,"data":"68 12 ac 02 56 00 07 01 14 00 01 00 f4 01 00 aa aa 00 00 00 "}
{"dir":"ser -> cli","time_ms":1762852694388,"len":16,"data":"68 0e ae 02 56 00 64 01 0a 03 01 00 00 00 00 14 "}
{"dir":"ser -> cli","time_ms":1762852697192,"len":18,"data":"68 10 b0 02 56 00 0b 01 01 00 01 00 6e 00 00 56 00 00 "}
{"dir":"ser -> cli","time_ms":1762852702200,"len":18,"data":"68 10 b2 02 56 00 0b 01 01 00 01 00 6e 00 00 57 00 00 "}
{"dir":"cli -> ser","time_ms":1762852702200,"len":6,"data":"68 04 01 00 b4 02 "}
{"dir":"cli -> ser","time_ms":1762852704399,"len":16,"data":"68 0e 56 00 b4 02 64 01 06 03 01 00 00 00 00 14 "}
{"dir":"ser -> cli","time_ms":1762852704399,"len":16,"data":"68 0e b4 02 58 00 64 01 07 03 01 00 00 00 00 14 "}
{"dir":"ser -> cli","time_ms":1762852704399,"len":30,"data":"68 1c b6 02 58 00 0b 03 14 00 01 00 64 00 00 ff ff 00 65 00 00 17 00 00 66 00 00 fc 08 00 "}
{"dir":"ser -> cli","time_ms":1762852704399,"len":20,"data":"68 12 b8 02 58 00 01 02 14 00 01 00 68 00 00 01 69 00 00 00 "}
{"dir":"ser -> cli","time_ms":1762852704399,"len":23,"data":"68 15 ba 02 58 00 01 88 14 00 01 00 2c 01 00 01 00 01 00 01 00 01 00 "}
{"dir":"ser -> cli","time_ms":1762852704399,"len":20,"data":"68 12 bc 02 58 00 07 01 14 00 01 00 f4 01 00 aa aa 00 00 00 "}
{"dir":"ser -> cli","time_ms":1762852704399,"len":16,"data":"68 0e be 02 58 00 64 01 0a 03 01 00 00 00 00 14 "}
{"dir":"ser -> cli","time_ms":1762852707203,"len":18,"data":"68 10 c0 02 58 00 0b 01 01 00 01 00 6e 00 00 58 00 00 "}
{"dir":"ser -> cli","time_ms":1762852712211,"len":18,"data":"68 10 c2 02 58 00 0b 01 01 00 01 00 6e 00 00 59 00 00 "}
{"dir":"cli -> ser","time_ms":1762852712211,"len":6,"data":"68 04 01 00 c4 02 "}
{"dir":"cli -> ser","time_ms":1762852714409,"len":16,"data":"68 0e 58 00 c4 02 64 01 06 03 01 00 00 00 00 14 "}
{"dir":"ser -> cli","time_ms":1762852714409,"len":16,"data":"68 0e c4 02 5a 00 64 01 07 03 01 00 00 00 00 14 "}
{"dir":"ser -> cli","time_ms":1762852714409,"len":30,"data":"68 1c c6 02 5a 00 0b 03 14 00 01 00 64 00 00 ff ff 00 65 00 00 17 00 00 66 00 00 fc 08 00 "}
{"dir":"ser -> cli","time_ms":1762852714409,"len":20,"data":"68 12 c8 02 5a 00 01 02 14 00 01 00 68 00 00 01 69 00 00 00 "}
{"dir":"ser -> cli","time_ms":1762852714409,"len":23,"data":"68 15 ca 02 5a 00 01 88 14 00 01 00 2c 01 00 01 00 01 00 01 00 01 00 "}
{"dir":"ser -> cli","time_ms":1762852714409,"len":20,"data":"68 12 cc 02 5a 00 07 01 14 00 01 00 f4 01 00 aa aa 00 00 00 "}
{"dir":"ser -> cli","time_ms":1762852714409,"len":16,"data":"68 0e ce 02 5a 00 64 01 0a 03 01 00 00 00 00 14 "}
{"dir":"ser -> cli","time_ms":1762852717213,"len":18,"data":"68 10 d0 02 5a 00 0b 01 01 00 01 00 6e 00 00 5a 00 00 "}
{"dir":"ser -> cli","time_ms":1762852722221,"len":18,"data":"68 10 d2 02 5a 00 0b 01 01 00 01 00 6e 00 00 5b 00 00 "}
{"dir":"cli -> ser","time_ms":1762852722221,"len":6,"data":"68 04 01 00 d4 02 "}
{"dir":"cli -> ser","time_ms":1762852724419,"len":16,"data":"68 0e 5a 00 d4 02 64 01 06 03 01 00 00 00 00 14 "}
{"dir":"ser -> cli","time_ms":1762852724419,"len":16,"data":"68 0e d4 02 5c 00 64 01 07 03 01 00 00 00 00 14 "}
{"dir":"ser -> cli","time_ms":1762852724419,"len":30,"data":"68 1c d6 02 5c 00 0b 03 14 00 01 00 64 00 00 ff ff 00 65 00 00 17 00 00 66 00 00 fc 08 00 "}
{"dir":"ser -> cli","time_ms":1762852724419,"len":20,"data":"68 12 d8 02 5c 00 01 02 14 00 01 00 68 00 00 01 69 00 00 00 "}
{"dir":"ser -> cli","time_ms":1762852724419,"len":23,"data":"68 15 da 02 5c 00 01 88 14 00 01 00 2c 01 00 01 00 01 00 01 00 01 00 "}
{"dir":"ser -> cli","time_ms":1762852724419,"len":20,"data":"68 12 dc 02 5c 00 07 01 14 00 01 00 f4 01 00 aa aa 00 00 00 "}
{"dir":"ser -> cli","time_ms":1762852724419,"len":16,"data":"68 0e de 02 5c 00 64 01 0a 03 01 00 00 00 00 14 "}
{"dir":"ser -> cli","time_ms":1762852727223,"len":18,"data":"68 10 e0 02 5c 00 0b 01 01 00 01 00 6e 00 00 5c 00 00 "}
{"dir":"ser -> cli","time_ms":1762852732231,"len":18,"data":"68 10 e2 02 5c 00 0b 01 01 00 01 00 6e 00 00 5d 00 00 "}
{"dir":"cli -> ser","time_ms":1762852732231,"len":6,"data":"68 04 01 00 e4 02 "}
{"dir":"cli -> ser","time_ms":1762852734430,"len":16,"data":"68 0e 5c 00 e4 02 64 01 06 03 01 00 00 00 00 14 "}
{"dir":"ser -> cli","time_ms":1762852734430,"len":16,"data":"68 0e e4 02 5e 00 64 01 07 03 01 00 00 00 00 14 "}
{"dir":"ser -> cli","time_ms":1762852734431,"len":30,"data":"68 1c e6 02 5e 00 0b 03 14 00 01 00 64 00 00 ff ff 00 65 00 00 17 00 00 66 00 00 fc 08 00 "}
{"dir":"ser -> cli","time_ms":1762852734431,"len":20,"data":"68 12 e8 02 5e 00 01 02 14 00 01 00 68 00 00 01 69 00 00 00 "}
{"dir":"ser -> cli","time_ms":1762852734431,"len":23,"data":"68 15 ea 02 5e 00 01 88 14 00 01 00 2c 01 00 01 00 01 00 01 00 01 00 "}
{"dir":"ser -> cli","time_ms":1762852734431,"len":20,"data":"68 12 ec 02 5e 00 07 01 14 00 01 00 f4 01 00 aa aa 00 00 00 "}
{"dir":"ser -> cli","time_ms":1762852734431,"len":16,"data":"68 0e ee 02 5e 00 64 01 0a 03 01 00 00 00 00 14 "}
{"dir":"ser -> cli","time_ms":1762852737234,"len":18,"data":"68 10 f0 02 5e 00 0b 01 01 00 01 00 6e 00 00 5e 00 00 "}
{"dir":"ser -> cli","time_ms":1762852742242,"len":18,"data":"68 10 f2 02 5e 00 0b 01 01 00 01 00 6e 00 00 5f 00 00 "}
{"dir":"cli -> ser","time_ms":1762852742242,"len":6,"data":"68 04 01 00 f4 02 "}
{"dir":"cli -> ser","time_ms":1762852744440,"len":16,"data":"68 0e 5e 00 f4 02 64 01 06 03 01 00 00 00 00 14 "}
{"dir":"ser -> cli","time_ms":1762852744440,"len":16,"data":"68 0e f4 02 60 00 64 01 07 03 01 00 00 00 00 14 "}
{"dir":"ser -> cli","time_ms":1762852744440,"len":30,"data":"68 1c f6 02 60 00 0b 03 14 00 01 00 64 00 00 ff ff 00 65 00 00 17 00 00 66 00 00 fc 08 00 "}
{"dir":"ser -> cli","time_ms":1762852744440,"len":20,"data":"68 12 f8 02 60 00 01 02 14 00 01 00 68 00 00 01 69 00 00 00 "}
{"dir":"ser -> cli","time_ms":1762852744440,"len":23,"data":"68 15 fa 02 60 00 01 88 14 00 01 00 2c 01 00 01 00 01 00 01 00 01 00 "}
{"dir":"ser -> cli","time_ms":1762852744440,"len":20,"data":"68 12 fc 02 60 00 07 01 14 00 01 00 f4 01 00 aa aa 00 00 00 "}
{"dir":"ser -> cli","time_ms":1762852744440,"len":16,"data":"68 0e fe 02 60 00 64 01 0a 03 01 00 00 00 00 14 "}
{"dir":"ser -> cli","time_ms":1762852747244,"len":18,"data":"68 10 00 03 60 00 0b 01 01 00 01 00 6e 00 00 60 00 00 "}
{"dir":"ser -> cli","time_ms":1762852752251,"len":18,"data":"68 10 02 03 60 00 0b 01 01 00 01 00 6e 00 00 61 00 00 "}
{"dir":"cli -> ser","time_ms":1762852752251,"len":6,"data":"68 04 01 00 04 03 "}
{"dir":"cli -> ser","time_ms":1762852754450,"len":16,"data":"68 0e 60 00 04 03 64 01 06 03 01 00 00 00 00 14 "}
{"dir":"ser -> cli","time_ms":1762852754450,"len":16,"data":"68 0e 04 03 62 00 64 01 07 03 01 00 00 00 00 14 "}
{"dir":"ser -> cli","time_ms":1762852754450,"len":30,"data":"68 1c 06 03 62 00 0b 03 14 00 01 00 64 00 00 ff ff 00 65 00 00 17 00 00 66 00 00 fc 08 00 "}
{"dir":"ser -> cli","time_ms":1762852754450,"len":20,"data":"68 12 08 03 62 00 01 02 14 00 01 00 68 00 00 01 69 00 00 00 "}
{"dir":"ser -> cli","time_ms":1762852754450,"len":23,"data":"68 15 0a 03 62 00 01 88 14 00 01 00 2c 01 00 01 00 01 00 01 00 01 00 "}
{"dir":"ser -> cli","time_ms":1762852754450,"len":20,"data":"68 12 0c 03 62 00 07 01 14 00 01 00 f4 01 00 aa aa 00 00 00 "}
{"dir":"ser -> cli","time_ms":1762852754450,"len":16,"data":"68 0e 0e 03 62 00 64 01 0a 03 01 00 00 00 00 14 "}
{"dir":"ser -> cli","time_ms":1762852757254,"len":18,"data":"68 10 10 03 62 00 0b 01 01 00 01 00 6e 00 00 62 00 00 "}
{"dir":"ser -> cli","time_ms":1762852762162,"len":18,"data":"68 10 12 03 62 00 0b 01 01 00 01 00 6e 00 00 63 00 00 "}
{"dir":"cli -> ser","time_ms":1762852762162,"len":6,"data":"68 04 01 00 14 03 "}
{"dir":"cli -> ser","time_ms":1762852764461,"len":16,"data":"68 0e 62 00 14 03 64 01 06 03 01 00 00 00 00 14 "}
{"dir":"ser -> cli","time_ms":1762852764461,"len":16,"data":"68 0e 14 03 64 00 64 01 07 03 01 00 00 00 00 14 "}
{"dir":"ser -> cli","time_ms":1762852764461,"len":30,"data":"68 1c 16 03 64 00 0b 03 14 00 01 00 64 00 00 ff ff 00 65 00 00 17 00 00 66 00 00 fc 08 00 "}
{"dir":"ser -> cli","time_ms":1762852764461,"len":20,"data":"68 12 18 03 64 00 01 02 14 00 01 00 68 00 00 01 69 00 00 00 "}
{"dir":"ser -> cli","time_ms":1762852764461,"len":23,"data":"68 15 1a 03 64 00 01 88 14 00 01 00 2c 01 00 01 00 01 00 01 00 01 00 "}
{"dir":"ser -> cli","time_ms":1762852764461,"len":20,"data":"68 12 1c 03 64 00 07 01 14 00 01 00 f4 01 00 aa aa 00 00 00 "}
{"dir":"ser -> cli","time_ms":1762852764461,"len":16,"data":"68 0e 1e 03 64 00 64 01 0a 03 01 00 00 00 00 14 "}
{"dir":"ser -> cli","time_ms":1762852767166,"len":18,"data":"68 10 20 03 64 00 0b 01 01 00 01 00 6e 00 00 64 00 00 "}
{"dir":"ser -> cli","time_ms":1762852772174,"len":18,"data":"68 10 22 03 64 00 0b 01 01 00 01 00 6e 00 00 65 00 00 "}
{"dir":"cli -> ser","time_ms":1762852772174,"len":6,"data":"68 04 01 00 24 03 "}
{"dir":"cli -> ser","time_ms":1762852774472,"len":16,"data":"68 0e 64 00 24 03 64 01 06 03 01 00 00 00 00 14 "}
{"dir":"ser -> cli","time_ms":1762852774472,"len":16,"data":"68 0e 24 03 66 00 64 01 07 03 01 00 00 00 00 14 "}
{"dir":"ser -> cli","time_ms":1762852774472,"len":30,"data":"68 1c 26 03 66 00 0b 03 14 00 01 00 64 00 00 ff ff 00 65 00 00 17 00 00 66 00 00 fc 08 00 "}
{"dir":"ser -> cli","time_ms":1762852774472,"len":20,"data":"68 12 28 03 66 00 01 02 14 00 01 00 68 00 00 01 69 00 00 00 "}
{"dir":"ser -> cli","time_ms":1762852774472,"len":23,"data":"68 15 2a 03 66 00 01 88 14 00 01 00 2c 01 00 01 00 01 00 01 00 01 00 "}
{"dir":"ser -> cli","time_ms":1762852774472,"len":20,"data":"68 12 2c 03 66 00 07 01 14 00 01 00 f4 01 00 aa aa 00 00 00 "}
{"dir":"ser -> cli","time_ms":1762852774472,"len":16,"data":"68 0e 2e 03 66 00 64 01 0a 03 01 00 00 00 00 14 "}
{"dir":"ser -> cli","time_ms":1762852777176,"len":18,"data":"68 10 30 03 66 00 0b 01 01 00 01 00 6e 00 00 66 00 00 "}
{"dir":"ser -> cli","time_ms":1762852782183,"len":18,"data":"68 10 32 03 66 00 0b 01 01 00 01 00 6e 00 00 67 00 00 "}
{"dir":"cli -> ser","time_ms":1762852782183,"len":6,"data":"68 04 01 00 34 03 "}
{"dir":"cli -> ser","time_ms":1762852784483,"len":16,"data":"68 0e 66 00 34 03 64 01 06 03 01 00 00 00 00 14 "}
{"dir":"ser -> cli","time_ms":1762852784483,"len":16,"data":"68 0e 34 03 68 00 64 01 07 03 01 00 00 00 00 14 "}
{"dir":"ser -> cli","time_ms":1762852784483,"len":30,"data":"68 1c 36 03 68 00 0b 03 14 00 01 00 64 00 00 ff ff 00 65 00 00 17 00 00 66 00 00 fc 08 00 "}
{"dir":"ser -> cli","time_ms":1762852784483,"len":20,"data":"68 12 38 03 68 00 01 02 14 00 01 00 68 00 00 01 69 00 00 00 "}
{"dir":"ser -> cli","time_ms":1762852784483,"len":23,"data":"68 15 3a 03 68 00 01 88 14 00 01 00 2c 01 00 01 00 01 00 01 00 01 00 "}
{"dir":"ser -> cli","time_ms":1762852784483,"len":20,"data":"68 12 3c 03 68 00 07 01 14 00 01 00 f4 01 00 aa aa 00 00 00 "}
{"dir":"ser -> cli","time_ms":1762852784483,"len":16,"data":"68 0e 3e 03 68 00 64 01 0a 03 01 00 00 00 00 14 "}
{"dir":"ser -> cli","time_ms":1762852787187,"len":18,"data":"68 10 40 03 68 00 0b 01 01 00 01 00 6e 00 00 68 00 00 "}
{"dir":"ser -> cli","time_ms":1762852792194,"len":18,"data":"68 10 42 03 68 00 0b 01 01 00 01 00 6e 00 00 69 00 00 "}
{"dir":"cli -> ser","time_ms":1762852792194,"len":6,"data":"68 04 01 00 44 03 "}
{"dir":"cli -> ser","time_ms":1762852794494,"len":16,"data":"68 0e 68 00 44 03 64 01 06 03 01 00 00 00 00 14 "}
{"dir":"ser -> cli","time_ms":1762852794494,"len":16,"data":"68 0e 44 03 6a 00 64 01 07 03 01 00 00 00 00 14 "}
{"dir":"ser -> cli","time_ms":1762852794494,"len":30,"data":"68 1c 46 03 6a 00 0b 03 14 00 01 00 64 00 00 ff ff 00 65 00 00 17 00 00 66 00 00 fc 08 00 "}
{"dir":"ser -> cli","time_ms":1762852794494,"len":20,"data":"68 12 48 03 6a 00 01 02 14 00 01 00 68 00 00 01 69 00 00 00 "}
{"dir":"ser -> cli","time_ms":1762852794494,"len":23,"data":"68 15 4a 03 6a 00 01 88 14 00 01 00 2c 01 00 01 00 01 00 01 00 01 00 "}
{"dir":"ser -> cli","time_ms":1762852794495,"len":20,"data":"68 12 4c 03 6a 00 07 01 14 00 01 00 f4 01 00 aa aa 00 00 00 "}
{"dir":"ser -> cli","time_ms":1762852794495,"len":16,"data":"68 0e 4e 03 6a 00 64 01 0a 03 01 00 00 00 00 14 "}
{"dir":"ser -> cli","time_ms":1762852797199,"len":18,"data":"68 10 50 03 6a 00 0b 01 01 00 01 00 6e 00 00 6a 00 00 "}
{"dir":"ser -> cli","time_ms":1762852802206,"len":18,"data":"68 10 52 03 6a 00 0b 01 01 00 01 00 6e 00 00 6b 00 00 "}
{"dir":"cli -> ser","time_ms":1762852802206,"len":6,"data":"68 04 01 00 54 03 "}
{"dir":"cli -> ser","time_ms":1762852804504,"len":16,"data":"68 0e 6a 00 54 03 64 01 06 03 01 00 00 00 00 14 "}
{"dir":"ser -> cli","time_ms":1762852804505,"len":16,"data":"68 0e 54 03 6c 00 64 01 07 03 01 00 00 00 00 14 "}
{"dir":"ser -> cli","time_ms":1762852804505,"len":30,"data":"68 1c 56 03 6c 00 0b 03 14 00 01 00 64 00 00 ff ff 00 65 00 00 17 00 00 66 00 00 fc 08 00 "}
{"dir":"ser -> cli","time_ms":1762852804505,"len":20,"data":"68 12 58 03 6c 00 01 02 14 00 01 00 68 00 00 01 69 00 00 00 "}
{"dir":"ser -> cli","time_ms":1762852804505,"len":23,"data":"68 15 5a 03 6c 00 01 88 14 00 01 00 2c 01 00 01 00 01 00 01 00 01 00 "}
{"dir":"ser -> cli","time_ms":1762852804505,"len":20,"data":"68 12 5c 03 6c 00 07 01 14 00 01 00 f4 01 00 aa aa 00 00 00 "}
{"dir":"ser -> cli","time_ms":1762852804505,"len":16,"data":"68 0e 5e 03 6c 00 64 01 0a 03 01 00 00 00 00 14 "}
{"dir":"ser -> cli","time_ms":1762852807208,"len":18,"data":"68 10 60 03 6c 00 0b 01 01 00 01 00 6e 00 00 6c 00 00 "}
{"dir":"ser -> cli","time_ms":1762852812216,"len":18,"data":"68 10 62 03 6c 00 0b 01 01 00 01 00 6e 00 00 6d 00 00 "}
{"dir":"cli -> ser","time_ms":1762852812216,"len":6,"data":"68 04 01 00 64 03 "}
{"dir":"cli -> ser","time_ms":1762852814515,"len":16,"data":"68 0e 6c 00 64 03 64 01 06 03 01 00 00 00 00 14 "}
{"dir":"ser -> cli","time_ms":1762852814515,"len":16,"data":"68 0e 64 03 6e 00 64 01 07 03 01 00 00 00 00 14 "}
{"dir":"ser -> cli","time_ms":1762852814515,"len":30,"data":"68 1c 66 03 6e 00 0b 03 14 00 01 00 64 00 00 ff ff 00 65 00 00 17 00 00 66 00 00 fc 08 00 "}
{"dir":"ser -> cli","time_ms":1762852814515,"len":20,"data":"68 12 68 03 6e 00 01 02 14 00 01 00 68 00 00 01 69 00 00 00 "}
{"dir":"ser -> cli","time_ms":1762852814515,"len":23,"data":"68 15 6a 03 6e 00 01 88 14 00 01 00 2c 01 00 01 00 01 00 01 00 01 00 "}
{"dir":"ser -> cli","time_ms":1762852814515,"len":20,"data":"68 12 6c 03 6e 00 07 01 14 00 01 00 f4 01 00 aa aa 00 00 00 "}
{"dir":"ser -> cli","time_ms":1762852814515,"len":16,"data":"68 0e 6e 03 6e 00 64 01 0a 03 01 00 00 00 00 14 "}
{"dir":"ser -> cli","time_ms":1762852817219,"len":18,"data":"68 10 70 03 6e 00 0b 01 01 00 01 00 6e 00 00 6e 00 00 "}
{"dir":"ser -> cli","time_ms":1762852822226,"len":18,"data":"68 10 72 03 6e 00 0b 01 01 00 01 00 6e 00 00 6f 00 00 "}
{"dir":"cli -> ser","time_ms":1762852822226,"len":6,"data":"68 04 01 00 74 03 "}
{"dir":"cli -> ser","time_ms":1762852824524,"len":16,"data":"68 0e 6e 00 74 03 64 01 06 03 01 00 00 00 00 14 "}
{"dir":"ser -> cli","time_ms":1762852824525,"len":16,"data":"68 0e 74 03 70 00 64 01 07 03 01 00 00 00 00 14 "}
{"dir":"ser -> cli","time_ms":1762852824525,"len":30,"data":"68 1c 76 03 70 00 0b 03 14 00 01 00 64 00 00 ff ff 00 65 00 00 17 00 00 66 00 00 fc 08 00 "}
{"dir":"ser -> cli","time_ms":1762852824525,"len":20,"data":"68 12 78 03 70 00 01 02 14 00 01 00 68 00 00 01 69 00 00 00 "}
{"dir":"ser -> cli","time_ms":1762852824525,"len":23,"data":"68 15 7a 03 70 00 01 88 14 00 01 00 2c 01 00 01 00 01 00 01 00 01 00 "}
{"dir":"ser -> cli","time_ms":1762852824525,"len":20,"data":"68 12 7c 03 70 00 07 01 14 00 01 00 f4 01 00 aa aa 00 00 00 "}
{"dir":"ser -> cli","time_ms":1762852824525,"len":16,"data":"68 0e 7e 03 70 00 64 01 0a 03 01 00 00 00 00 14 "}
{"dir":"ser -> cli","time_ms":1762852827228,"len":18,"data":"68 10 80 03 70 00 0b 01 01 00 01 00 6e 00 00 70 00 00 "}
{"dir":"ser -> cli","time_ms":1762852832236,"len":18,"data":"68 10 82 03 70 00 0b 01 01 00 01 00 6e 00 00 71 00 00 "}
{"dir":"cli -> ser","time_ms":1762852832236,"len":6,"data":"68 04 01 00 84 03 "}
{"dir":"cli -> ser","time_ms":1762852834534,"len":16,"data":"68 0e 70 00 84 03 64 01 06 03 01 00 00 00 00 14 "}
{"dir":"ser -> cli","time_ms":1762852834534,"len":16,"data":"68 0e 84 03 72 00 64 01 07 03 01 00 00 00 00 14 "}
{"dir":"ser -> cli","time_ms":1762852834534,"len":30,"data":"68 1c 86 03 72 00 0b 03 14 00 01 00 64 00 00 ff ff 00 65 00 00 17 00 00 66 00 00 fc 08 00 "}
{"dir":"ser -> cli","time_ms":1762852834534,"len":20,"data":"68 12 88 03 72 00 01 02 14 00 01 00 68 00 00 01 69 00 00 00 "}
{"dir":"ser -> cli","time_ms":1762852834534,"len":23,"data":"68 15 8a 03 72 00 01 88 14 00 01 00 2c 01 00 01 00 01 00 01 00 01 00 "}
{"dir":"ser -> cli","time_ms":1762852834534,"len":20,"data":"68 12 8c 03 72 00 07 01 14 00 01 00 f4 01 00 aa aa 00 00 00 "}
{"dir":"ser -> cli","time_ms":1762852834534,"len":16,"data":"68 0e 8e 03 72 00 64 01 0a 03 01 00 00 00 00 14 "}
{"dir":"ser -> cli","time_ms":1762852837238,"len":18,"data":"68 10 90 03 72 00 0b 01 01 00 01 00 6e 00 00 72 00 00 "}
{"dir":"ser -> cli","time_ms":1762852842246,"len":18,"data":"68 10 92 03 72 00 0b 01 01 00 01 00 6e 00 00 73 00 00 "}
{"dir":"cli -> ser","time_ms":1762852842246,"len":6,"data":"68 04 01 00 94 03 "}
{"dir":"cli -> ser","time_ms":1762852844544,"len":16,"data":"68 0e 72 00 94 03 64 01 06 03 01 00 00 00 00 14 "}
{"dir":"ser -> cli","time_ms":1762852844544,"len":16,"data":"68 0e 94 03 74 00 64 01 07 03 01 00 00 00 00 14 "}
{"dir":"ser -> cli","time_ms":1762852844544,"len":30,"data":"68 1c 96 03 74 00 0b 03 14 00 01 00 64 00 00 ff ff 00 65 00 00 17 00 00 66 00 00 fc 08 00 "}
{"dir":"ser -> cli","time_ms":1762852844544,"len":20,"data":"68 12 98 03 74 00 01 02 14 00 01 00 68 00 00 01 69 00 00 00 "}
{"dir":"ser -> cli","time_ms":1762852844544,"len":23,"data":"68 15 9a 03 74 00 01 88 14 00 01 00 2c 01 00 01 00 01 00 01 00 01 00 "}
{"dir":"ser -> cli","time_ms":1762852844544,"len":20,"data":"68 12 9c 03 74 00 07 01 14 00 01 00 f4 01 00 aa aa 00 00 00 "}
{"dir":"ser -> cli","time_ms":1762852844544,"len":16,"data":"68 0e 9e 03 74 00 64 01 0a 03 01 00 00 00 00 14 "}
{"dir":"ser -> cli","time_ms":1762852847248,"len":18,"data":"68 10 a0 03 74 00 0b 01 01 00 01 00 6e 00 00 74 00 00 "}
{"dir":"ser -> cli","time_ms":1762852852256,"len":18,"data":"68 10 a2 03 74 00 0b 01 01 00 01 00 6e 00 00 75 00 00 "}
{"dir":"cli -> ser","time_ms":1762852852256,"len":6,"data":"68 04 01 00 a4 03 "}
{"dir":"cli -> ser","time_ms":1762852854555,"len":16,"data":"68 0e 74 00 a4 03 64 01 06 03 01 00 00 00 00 14 "}
{"dir":"ser -> cli","time_ms":1762852854555,"len":16,"data":"68 0e a4 03 76 00 64 01 07 03 01 00 00 00 00 14 "}
{"dir":"ser -> cli","time_ms":1762852854555,"len":30,"data":"68 1c a6 03 76 00 0b 03 14 00 01 00 64 00 00 ff ff 00 65 00 00 17 00 00 66 00 00 fc 08 00 "}
{"dir":"ser -> cli","time_ms":1762852854555,"len":20,"data":"68 12 a8 03 76 00 01 02 14 00 01 00 68 00 00 01 69 00 00 00 "}
{"dir":"ser -> cli","time_ms":1762852854555,"len":23,"data":"68 15 aa 03 76 00 01 88 14 00 01 00 2c 01 00 01 00 01 00 01 00 01 00 "}
{"dir":"ser -> cli","time_ms":1762852854555,"len":20,"data":"68 12 ac 03 76 00 07 01 14 00 01 00 f4 01 00 aa aa 00 00 00 "}
{"dir":"ser -> cli","time_ms":1762852854555,"len":16,"data":"68 0e ae 03 76 00 64 01 0a 03 01 00 00 00 00 14 "}
{"dir":"ser -> cli","time_ms":1762852857159,"len":18,"data":"68 10 b0 03 76 00 0b 01 01 00 01 00 6e 00 00 76 00 00 "}
{"dir":"ser -> cli","time_ms":1762852862167,"len":18,"data":"68 10 b2 03 76 00 0b 01 01 00 01 00 6e 00 00 77 00 00 "}
{"dir":"cli -> ser","time_ms":1762852862167,"len":6,"data":"68 04 01 00 b4 03 "}
{"dir":"cli -> ser","time_ms":1762852864566,"len":16,"data":"68 0e 76 00 b4 03 64 01 06 03 01 00 00 00 00 14 "}
{"dir":"ser -> cli","time_ms":1762852864566,"len":16,"data":"68 0e b4 03 78 00 64 01 07 03 01 00 00 00 00 14 "}
{"dir":"ser -> cli","time_ms":1762852864566,"len":30,"data":"68 1c b6 03 78 00 0b 03 14 00 01 00 64 00 00 ff ff 00 65 00 00 17 00 00 66 00 00 fc 08 00 "}
{"dir":"ser -> cli","time_ms":1762852864566,"len":20,"data":"68 12 b8 03 78 00 01 02 14 00 01 00 68 00 00 01 69 00 00 00 "}
{"dir":"ser -> cli","time_ms":1762852864566,"len":23,"data":"68 15 ba 03 78 00 01 88 14 00 01 00 2c 01 00 01 00 01 00 01 00 01 00 "}
{"dir":"ser -> cli","time_ms":1762852864566,"len":20,"data":"68 12 bc 03 78 00 07 01 14 00 01 00 f4 01 00 aa aa 00 00 00 "}
{"dir":"ser -> cli","time_ms":1762852864566,"len":16,"data":"68 0e be 03 78 00 64 01 0a 03 01 00 00 00 00 14 "}
{"dir":"ser -> cli","time_ms":1762852867174,"len":18,"data":"68 10 c0 03 78 00 0b 01 01 00 01 00 6e 00 00 78 00 00 "}
{"dir":"ser -> cli","time_ms":1762852872182,"len":18,"data":"68 10 c2 03 78 00 0b 01 01 00 01 00 6e 00 00 79 00 00 "}
{"dir":"cli -> ser","time_ms":1762852872182,"len":6,"data":"68 04 01 00 c4 03 "}
{"dir":"cli -> ser","time_ms":1762852874576,"len":16,"data":"68 0e 78 00 c4 03 64 01 06 03 01 00 00 00 00 14 "}
{"dir":"ser -> cli","time_ms":1762852874577,"len":16,"data":"68 0e c4 03 7a 00 64 01 07 03 01 00 00 00 00 14 "}
{"dir":"ser -> cli","time_ms":1762852874577,"len":30,"data":"68 1c c6 03 7a 00 0b 03 14 00 01 00 64 00 00 ff ff 00 65 00 00 17 00 00 66 00 00 fc 08 00 "}
{"dir":"ser -> cli","time_ms":1762852874577,"len":20,"data":"68 12 c8 03 7a 00 01 02 14 00 01 00 68 00 00 01 69 00 00 00 "}
{"dir":"ser -> cli","time_ms":1762852874577,"len":23,"data":"68 15 ca 03 7a 00 01 88 14 00 01 00 2c 01 00 01 00 01 00 01 00 01 00 "}
{"dir":"ser -> cli","time_ms":1762852874577,"len":20,"data":"68 12 cc 03 7a 00 07 01 14 00 01 00 f4 01 00 aa aa 00 00 00 "}
{"dir":"ser -> cli","time_ms":1762852874577,"len":16,"data":"68 0e ce 03 7a 00 64 01 0a 03 01 00 00 00 00 14 "}
{"dir":"ser -> cli","time_ms":1762852877180,"len":18,"data":"68 10 d0 03 7a 00 0b 01 01 00 01 00 6e 00 00 7a 00 00 "}
{"dir":"ser -> cli","time_ms":1762852882188,"len":18,"data":"68 10 d2 03 7a 00 0b 01 01 00 01 00 6e 00 00 7b 00 00 "}
{"dir":"cli -> ser","time_ms":1762852882188,"len":6,"data":"68 04 01 00 d4 03 "}
{"dir":"cli -> ser","time_ms":1762852884587,"len":16,"data":"68 0e 7a 00 d4 03 64 01 06 03 01 00 00 00 00 14 "}
{"dir":"ser -> cli","time_ms":1762852884588,"len":16,"data":"68 0e d4 03 7c 00 64 01 07 03 01 00 00 00 00 14 "}
{"dir":"ser -> cli","time_ms":1762852884588,"len":30,"data":"68 1c d6 03 7c 00 0b 03 14 00 01 00 64 00 00 ff ff 00 65 00 00 17 00 00 66 00 00 fc 08 00 "}
{"dir":"ser -> cli","time_ms":1762852884588,"len":20,"data":"68 12 d8 03 7c 00 01 02 14 00 01 00 68 00 00 01 69 00 00 00 "}
{"dir":"ser -> cli","time_ms":1762852884588,"len":23,"data":"68 15 da 03 7c 00 01 88 14 00 01 00 2c 01 00 01 00 01 00 01 00 01 00 "}
{"dir":"ser -> cli","time_ms":1762852884588,"len":20,"data":"68 12 dc 03 7c 00 07 01 14 00 01 00 f4 01 00 aa aa 00 00 00 "}
{"dir":"ser -> cli","time_ms":1762852884588,"len":16,"data":"68 0e de 03 7c 00 64 01 0a 03 01 00 00 00 00 14 "}
{"dir":"ser -> cli","time_ms":1762852887191,"len":18,"data":"68 10 e0 03 7c 00 0b 01 01 00 01 00 6e 00 00 7c 00 00 "}
{"dir":"ser -> cli","time_ms":1762852892199,"len":18,"data":"68 10 e2 03 7c 00 0b 01 01 00 01 00 6e 00 00 7d 00 00 "}
{"dir":"cli -> ser","time_ms":1762852892199,"len":6,"data":"68 04 01 00 e4 03 "}
{"dir":"cli -> ser","time_ms":1762852894597,"len":16,"data":"68 0e 7c 00 e4 03 64 01 06 03 01 00 00 00 00 14 "}
{"dir":"ser -> cli","time_ms":1762852894598,"len":16,"data":"68 0e e4 03 7e 00 64 01 07 03 01 00 00 00 00 14 "}
{"dir":"ser -> cli","time_ms":1762852894598,"len":30,"data":"68 1c e6 03 7e 00 0b 03 14 00 01 00 64 00 00 ff ff 00 65 00 00 17 00 00 66 00 00 fc 08 00 "}
{"dir":"ser -> cli","time_ms":1762852894598,"len":20,"data":"68 12 e8 03 7e 00 01 02 14 00 01 00 68 00 00 01 69 00 00 00 "}
{"dir":"ser -> cli","time_ms":1762852894598,"len":23,"data":"68 15 ea 03 7e 00 01 88 14 00 01 00 2c 01 00 01 00 01 00 01 00 01 00 "}
{"dir":"ser -> cli","time_ms":1762852894598,"len":20,"data":"68 12 ec 03 7e 00 07 01 14 00 01 00 f4 01 00 aa aa 00 00 00 "}
{"dir":"ser -> cli","time_ms":1762852894598,"len":16,"data":"68 0e ee 03 7e 00 64 01 0a 03 01 00 00 00 00 14 "}
{"dir":"ser -> cli","time_ms":1762852897201,"len":18,"data":"68 10 f0 03 7e 00 0b 01 01 00 01 00 6e 00 00 7e 00 00 "}
{"dir":"ser -> cli","time_ms":1762852902209,"len":18,"data":"68 10 f2 03 7e 00 0b 01 01 00 01 00 6e 00 00 7f 00 00 "}
{"dir":"cli -> ser","time_ms":1762852902209,"len":6,"data":"68 04 01 00 f4 03 "}
{"dir":"cli -> ser","time_ms":1762852904607,"len":16,"data":"68 0e 7e 00 f4 03 64 01 06 03 01 00 00 00 00 14 "}
{"dir":"ser -> cli","time_ms":1762852904607,"len":16,"data":"68 0e f4 03 80 00 64 01 07 03 01 00 00 00 00 14 "}
{"dir":"ser -> cli","time_ms":1762852904607,"len":30,"data":"68 1c f6 03 80 00 0b 03 14 00 01 00 64 00 00 ff ff 00 65 00 00 17 00 00 66 00 00 fc 08 00 "}
{"dir":"ser -> cli","time_ms":1762852904607,"len":20,"data":"68 12 f8 03 80 00 01 02 14 00 01 00 68 00 00 01 69 00 00 00 "}
{"dir":"ser -> cli","time_ms":1762852904607,"len":23,"data":"68 15 fa 03 80 00 01 88 14 00 01 00 2c 01 00 01 00 01 00 01 00 01 00 "}
{"dir":"ser -> cli","time_ms":1762852904607,"len":20,"data":"68 12 fc 03 80 00 07 01 14 00 01 00 f4 01 00 aa aa 00 00 00 "}
{"dir":"ser -> cli","time_ms":1762852904607,"len":16,"data":"68 0e fe 03 80 00 64 01 0a 03 01 00 00 00 00 14 "}
{"dir":"ser -> cli","time_ms":1762852907211,"len":18,"data":"68 10 00 04 80 00 0b 01 01 00 01 00 6e 00 00 80 00 00 "}
{"dir":"ser -> cli","time_ms":1762852912219,"len":18,"data":"68 10 02 04 80 00 0b 01 01 00 01 00 6e 00 00 81 00 00 "}
{"dir":"cli -> ser","time_ms":1762852912219,"len":6,"data":"68 04 01 00 04 04 "}
{"dir":"cli -> ser","time_ms":1762852914617,"len":16,"data":"68 0e 80 00 04 04 64 01 06 03 01 00 00 00 00 14 "}
{"dir":"ser -> cli","time_ms":1762852914617,"len":16,"data":"68 0e 04 04 82 00 64 01 07 03 01 00 00 00 00 14 "}
{"dir":"ser -> cli","time_ms":1762852914617,"len":30,"data":"68 1c 06 04 82 00 0b 03 14 00 01 00 64 00 00 ff ff 00 65 00 00 17 00 00 66 00 00 fc 08 00 "}
{"dir":"ser -> cli","time_ms":1762852914617,"len":20,"data":"68 12 08 04 82 00 01 02 14 00 01 00 68 00 00 01 69 00 00 00 "}
{"dir":"ser -> cli","time_ms":1762852914617,"len":23,"data":"68 15 0a 04 82 00 01 88 14 00 01 00 2c 01 00 01 00 01 00 01 00 01 00 "}
{"dir":"ser -> cli","time_ms":1762852914617,"len":20,"data":"68 12 0c 04 82 00 07 01 14 00 01 00 f4 01 00 aa aa 00 00 00 "}
{"dir":"ser -> cli","time_ms":1762852914617,"len":16,"data":"68 0e 0e 04 82 00 64 01 0a 03 01 00 00 00 00 14 "}
{"dir":"ser -> cli","time_ms":1762852917221,"len":18,"data":"68 10 10 04 82 00 0b 01 01 00 01 00 6e 00 00 82 00 00 "}
{"dir":"ser -> cli","time_ms":1762852922228,"len":18,"data":"68 10 12 04 82 00 0b 01 01 00 01 00 6e 00 00 83 00 00 "}
{"dir":"cli -> ser","time_ms":1762852922228,"len":6,"data":"68 04 01 00 14 04 "}
{"dir":"cli -> ser","time_ms":1762852924626,"len":16,"data":"68 0e 82 00 14 04 64 01 06 03 01 00 00 00 00 14 "}
{"dir":"ser -> cli","time_ms":1762852924626,"len":16,"data":"68 0e 14 04 84 00 64 01 07 03 01 00 00 00 00 14 "}
{"dir":"ser -> cli","time_ms":1762852924626,"len":30,"data":"68 1c 16 04 84 00 0b 03 14 00 01 00 64 00 00 ff ff 00 65 00 00 17 00 00 66 00 00 fc 08 00 "}
{"dir":"ser -> cli","time_ms":1762852924626,"len":20,"data":"68 12 18 04 84 00 01 02 14 00 01 00 68 00 00 01 69 00 00 00 "}
{"dir":"ser -> cli","time_ms":1762852924626,"len":23,"data":"68 15 1a 04 84 00 01 88 14 00 01 00 2c 01 00 01 00 01 00 01 00 01 00 "}
{"dir":"ser -> cli","time_ms":1762852924626,"len":20,"data":"68 12 1c 04 84 00 07 01 14 00 01 00 f4 01 00 aa aa 00 00 00 "}
{"dir":"ser -> cli","time_ms":1762852924626,"len":16,"data":"68 0e 1e 04 84 00 64 01 0a 03 01 00 00 00 00 14 "}
{"dir":"ser -> cli","time_ms":1762852927230,"len":18,"data":"68 10 20 04 84 00 0b 01 01 00 01 00 6e 00 00 84 00 00 "}
{"dir":"ser -> cli","time_ms":1762852932238,"len":18,"data":"68 10 22 04 84 00 0b 01 01 00 01 00 6e 00 00 85 00 00 "}
{"dir":"cli -> ser","time_ms":1762852932238,"len":6,"data":"68 04 01 00 24 04 "}
{"dir":"cli -> ser","time_ms":1762852934636,"len":16,"data":"68 0e 84 00 24 04 64 01 06 03 01 00 00 00 00 14 "}
{"dir":"ser -> cli","time_ms":1762852934636,"len":16,"data":"68 0e 24 04 86 00 64 01 07 03 01 00 00 00 00 14 "}
{"dir":"ser -> cli","time_ms":1762852934636,"len":30,"data":"68 1c 26 04 86 00 0b 03 14 00 01 00 64 00 00 ff ff 00 65 00 00 17 00 00 66 00 00 fc 08 00 "}
{"dir":"ser -> cli","time_ms":1762852934636,"len":20,"data":"68 12 28 04 86 00 01 02 14 00 01 00 68 00 00 01 69 00 00 00 "}
{"dir":"ser -> cli","time_ms":1762852934636,"len":23,"data":"68 15 2a 04 86 00 01 88 14 00 01 00 2c 01 00 01 00 01 00 01 00 01 00 "}
{"dir":"ser -> cli","time_ms":1762852934636,"len":20,"data":"68 12 2c 04 86 00 07 01 14 00 01 00 f4 01 00 aa aa 00 00 00 "}
{"dir":"ser -> cli","time_ms":1762852934636,"len":16,"data":"68 0e 2e 04 86 00 64 01 0a 03 01 00 00 00 00 14 "}
{"dir":"ser -> cli","time_ms":1762852937239,"len":18,"data":"68 10 30 04 86 00 0b 01 01 00 01 00 6e 00 00 86 00 00 "}
{"dir":"ser -> cli","time_ms":1762852942247,"len":18,"data":"68 10 32 04 86 00 0b 01 01 00 01 00 6e 00 00 87 00 00 "}
{"dir":"cli -> ser","time_ms":1762852942247,"len":6,"data":"68 04 01 00 34 04 "}
{"dir":"cli -> ser","time_ms":1762852944646,"len":16,"data":"68 0e 86 00 34 04 64 01 06 03 01 00 00 00 00 14 "}
{"dir":"ser -> cli","time_ms":1762852944646,"len":16,"data":"68 0e 34 04 88 00 64 01 07 03 01 00 00 00 00 14 "}
{"dir":"ser -> cli","time_ms":1762852944646,"len":30,"data":"68 1c 36 04 88 00 0b 03 14 00 01 00 64 00 00 ff ff 00 65 00 00 17 00 00 66 00 00 fc 08 00 "}
{"dir":"ser -> cli","time_ms":1762852944646,"len":20,"data":"68 12 38 04 88 00 01 02 14 00 01 00 68 00 00 01 69 00 00 00 "}
{"dir":"ser -> cli","time_ms":1762852944646,"len":23,"data":"68 15 3a 04 88 00 01 88 14 00 01 00 2c 01 00 01 00 01 00 01 00 01 00 "}
{"dir":"ser -> cli","time_ms":1762852944646,"len":20,"data":"68 12 3c 04 88 00 07 01 14 00 01 00 f4 01 00 aa aa 00 00 00 "}
{"dir":"ser -> cli","time_ms":1762852944646,"len":16,"data":"68 0e 3e 04 88 00 64 01 0a 03 01 00 00 00 00 14 "}
{"dir":"ser -> cli","time_ms":1762852947250,"len":18,"data":"68 10 40 04 88 00 0b 01 01 00 01 00 6e 00 00 88 00 00 "}
{"dir":"ser -> cli","time_ms":1762852952258,"len":18,"data":"68 10 42 04 88 00 0b 01 01 00 01 00 6e 00 00 89 00 00 "}
{"dir":"cli -> ser","time_ms":1762852952258,"len":6,"data":"68 04 01 00 44 04 "}
{"dir":"cli -> ser","time_ms":1762852954656,"len":16,"data":"68 0e 88 00 44 04 64 01 06 03 01 00 00 00 00 14 "}
{"dir":"ser -> cli","time_ms":1762852954657,"len":16,"data":"68 0e 44 04 8a 00 64 01 07 03 01 00 00 00 00 14 "}
{"dir":"ser -> cli","time_ms":1762852954657,"len":30,"data":"68 1c 46 04 8a 00 0b 03 14 00 01 00 64 00 00 ff ff 00 65 00 00 17 00 00 66 00 00 fc 08 00 "}
{"dir":"ser -> cli","time_ms":1762852954657,"len":20,"data":"68 12 48 04 8a 00 01 02 14 00 01 00 68 00 00 01 69 00 00 00 "}
{"dir":"ser -> cli","time_ms":1762852954657,"len":23,"data":"68 15 4a 04 8a 00 01 88 14 00 01 00 2c 01 00 01 00 01 00 01 00 01 00 "}
{"dir":"ser -> cli","time_ms":1762852954657,"len":20,"data":"68 12 4c 04 8a 00 07 01 14 00 01 00 f4 01 