{"dir":"cli -> ser","time_ms":1762768548176,"len":6,"data":"68 04 07 00 00 00 "}
{"dir":"ser -> cli","time_ms":1762768548176,"len":6,"data":"68 04 0b 00 00 00 "}
{"dir":"ser -> cli","time_ms":1762768548176,"len":18,"data":"68 10 00 00 00 00 0b 01 01 00 01 00 6e 00 00 00 00 00 "}
{"dir":"cli -> ser","time_ms":1762768548276,"len":16,"data":"68 0e 00 00 02 00 64 01 06 03 01 00 00 00 00 14 "}
{"dir":"ser -> cli","time_ms":1762768548276,"len":16,"data":"68 0e 02 00 02 00 64 01 07 03 01 00 00 00 00 14 "}
{"dir":"ser -> cli","time_ms":1762768548276,"len":30,"data":"68 1c 04 00 02 00 0b 03 14 00 01 00 64 00 00 ff ff 00 65 00 00 17 00 00 66 00 00 fc 08 00 "}
{"dir":"ser -> cli","time_ms":1762768548276,"len":20,"data":"68 12 06 00 02 00 01 02 14 00 01 00 68 00 00 01 69 00 00 00 "}
{"dir":"ser -> cli","time_ms":1762768548276,"len":23,"data":"68 15 08 00 02 00 01 88 14 00 01 00 2c 01 00 01 00 01 00 01 00 01 00 "}
{"dir":"ser -> cli","time_ms":1762768548276,"len":20,"data":"68 12 0a 00 02 00 07 01 14 00 01 00 f4 01 00 aa aa 00 00 00 "}
{"dir":"ser -> cli","time_ms":1762768548276,"len":16,"data":"68 0e 0c 00 02 00 64 01 0a 03 01 00 00 00 00 14 "}
{"dir":"ser -> cli","time_ms":1762768549999,"len":18,"data":"68 10 0e 00 02 00 0b 01 01 00 01 00 6e 00 00 01 00 00 "}
{"dir":"ser -> cli","time_ms":1762768555008,"len":18,"data":"68 10 10 00 02 00 0b 01 01 00 01 00 6e 00 00 02 00 00 "}
{"dir":"cli -> ser","time_ms":1762768555008,"len":6,"data":"68 04 01 00 12 00 "}
{"dir":"cli -> ser","time_ms":1762768558290,"len":16,"data":"68 0e 02 00 12 00 64 01 06 03 01 00 00 00 00 14 "}
{"dir":"ser -> cli","time_ms":1762768558290,"len":16,"data":"68 0e 12 00 04 00 64 01 07 03 01 00 00 00 00 14 "}
{"dir":"ser -> cli","time_ms":1762768558290,"len":30,"data":"68 1c 14 00 04 00 0b 03 14 00 01 00 64 00 00 ff ff 00 65 00 00 17 00 00 66 00 00 fc 08 00 "}
{"dir":"ser -> cli","time_ms":1762768558290,"len":20,"data":"68 12 16 00 04 00 01 02 14 00 01 00 68 00 00 01 69 00 00 00 "}
{"dir":"ser -> cli","time_ms":1762768558290,"len":23,"data":"68 15 18 00 04 00 01 88 14 00 01 00 2c 01 00 01 00 01 00 01 00 01 00 "}
{"dir":"ser -> cli","time_ms":1762768558290,"len":20,"data":"68 12 1a 00 04 00 07 01 14 00 01 00 f4 01 00 aa aa 00 00 00 "}
{"dir":"ser -> cli","time_ms":1762768558290,"len":16,"data":"68 0e 1c 00 04 00 64 01 0a 03 01 00 00 00 00 14 "}
{"dir":"ser -> cli","time_ms":1762768559992,"len":18,"data":"68 10 1e 00 04 00 0b 01 01 00 01 00 6e 00 00 03 00 00 "}
{"dir":"ser -> cli","time_ms":1762768564999,"len":18,"data":"68 10 20 00 04 00 0b 01 01 00 01 00 6e 00 00 04 00 00 "}
{"dir":"cli -> ser","time_ms":1762768564999,"len":6,"data":"68 04 01 00 22 00 "}
{"dir":"cli -> ser","time_ms":1762768568300,"len":16,"data":"68 0e 04 00 22 00 64 01 06 03 01 00 00 00 00 14 "}
{"dir":"ser -> cli","time_ms":1762768568300,"len":16,"data":"68 0e 22 00 06 00 64 01 07 03 01 00 00 00 00 14 "}
{"dir":"ser -> cli","time_ms":1762768568300,"len":30,"data":"68 1c 24 00 06 00 0b 03 14 00 01 00 64 00 00 ff ff 00 65 00 00 17 00 00 66 00 00 fc 08 00 "}
{"dir":"ser -> cli","time_ms":1762768568300,"len":20,"data":"68 12 26 00 06 00 01 02 14 00 01 00 68 00 00 01 69 00 00 00 "}
{"dir":"ser -> cli","time_ms":1762768568300,"len":23,"data":"68 15 28 00 06 00 01 88 14 00 01 00 2c 01 00 01 00 01 00 01 00 01 00 "}
{"dir":"ser -> cli","time_ms":1762768568300,"len":20,"data":"68 12 2a 00 06 00 07 01 14 00 01 00 f4 01 00 aa aa 00 00 00 "}
{"dir":"ser -> cli","time_ms":1762768568300,"len":16,"data":"68 0e 2c 00 06 00 64 01 0a 03 01 00 00 00 00 14 "}
{"dir":"ser -> cli","time_ms":1762768570003,"len":18,"data":"68 10 2e 00 06 00 0b 01 01 00 01 00 6e 00 00 05 00 00 "}
{"dir":"ser -> cli","time_ms":1762768575011,"len":18,"data":"68 10 30 00 06 00 0b 01 01 00 01 00 6e 00 00 06 00 00 "}
{"dir":"cli -> ser","time_ms":1762768575011,"len":6,"data":"68 04 01 00 32 00 "}
{"dir":"cli -> ser","time_ms":1762768578311,"len":16,"data":"68 0e 06 00 32 00 64 01 06 03 01 00 00 00 00 14 "}
{"dir":"ser -> cli","time_ms":1762768578311,"len":16,"data":"68 0e 32 00 08 00 64 01 07 03 01 00 00 00 00 14 "}
{"dir":"ser -> cli","time_ms":1762768578311,"len":30,"data":"68 1c 34 00 08 00 0b 03 14 00 01 00 64 00 00 ff ff 00 65 00 00 17 00 00 66 00 00 fc 08 00 "}
{"dir":"ser -> cli","time_ms":1762768578312,"len":20,"data":"68 12 36 00 08 00 01 02 14 00 01 00 68 00 00 01 69 00 00 00 "}
{"dir":"ser -> cli","time_ms":1762768578312,"len":23,"data":"68 15 38 00 08 00 01 88 14 00 01 00 2c 01 00 01 00 01 00 01 00 01 00 "}
{"dir":"ser -> cli","time_ms":1762768578312,"len":20,"data":"68 12 3a 00 08 00 07 01 14 00 01 00 f4 01 00 aa aa 00 00 00 "}
{"dir":"ser -> cli","time_ms":1762768578312,"len":16,"data":"68 0e 3c 00 08 00 64 01 0a 03 01 00 00 00 00 14 "}
{"dir":"ser -> cli","time_ms":1762768580015,"len":18,"data":"68 10 3e 00 08 00 0b 01 01 00 01 00 6e 00 00 07 00 00 "}
{"dir":"ser -> cli","time_ms":1762768585023,"len":18,"data":"68 10 40 00 08 00 0b 01 01 00 01 00 6e 00 00 08 00 00 "}
{"dir":"cli -> ser","time_ms":1762768585023,"len":6,"data":"68 04 01 00 42 00 "}
{"dir":"cli -> ser","time_ms":1762768588324,"len":16,"data":"68 0e 08 00 42 00 64 01 06 03 01 00 00 00 00 14 "}
{"dir":"ser -> cli","time_ms":1762768588324,"len":16,"data":"68 0e 42 00 0a 00 64 01 07 03 01 00 00 00 00 14 "}
{"dir":"ser -> cli","time_ms":1762768588324,"len":30,"data":"68 1c 44 00 0a 00 0b 03 14 00 01 00 64 00 00 ff ff 00 65 00 00 17 00 00 66 00 00 fc 08 00 "}
{"dir":"ser -> cli","time_ms":1762768588324,"len":20,"data":"68 12 46 00 0a 00 01 02 14 00 01 00 68 00 00 01 69 00 00 00 "}
{"dir":"ser -> cli","time_ms":1762768588324,"len":23,"data":"68 15 48 00 0a 00 01 88 14 00 01 00 2c 01 00 01 00 01 00 01 00 01 00 "}
{"dir":"ser -> cli","time_ms":1762768588324,"len":20,"data":"68 12 4a 00 0a 00 07 01 14 00 01 00 f4 01 00 aa aa 00 00 00 "}
{"dir":"ser -> cli","time_ms":1762768588324,"len":16,"data":"68 0e 4c 00 0a 00 64 01 0a 03 01 00 00 00 00 14 "}
{"dir":"ser -> cli","time_ms":1762768590027,"len":18,"data":"68 10 4e 00 0a 00 0b 01 01 00 01 00 6e 00 00 09 00 00 "}
{"dir":"ser -> cli","time_ms":1762768595034,"len":18,"data":"68 10 50 00 0a 00 0b 01 01 00 01 00 6e 00 00 0a 00 00 "}
{"dir":"cli -> ser","time_ms":1762768595035,"len":6,"data":"68 04 01 00 52 00 "}
{"dir":"cli -> ser","time_ms":1762768598337,"len":16,"data":"68 0e 0a 00 52 00 64 01 06 03 01 00 00 00 00 14 "}
{"dir":"ser -> cli","time_ms":1762768598337,"len":16,"data":"68 0e 52 00 0c 00 64 01 07 03 01 00 00 00 00 14 "}
{"dir":"ser -> cli","time_ms":1762768598337,"len":30,"data":"68 1c 54 00 0c 00 0b 03 14 00 01 00 64 00 00 ff ff 00 65 00 00 17 00 00 66 00 00 fc 08 00 "}
{"dir":"ser -> cli","time_ms":1762768598337,"len":20,"data":"68 12 56 00 0c 00 01 02 14 00 01 00 68 00 00 01 69 00 00 00 "}
{"dir":"ser -> cli","time_ms":1762768598337,"len":23,"data":"68 15 58 00 0c 00 01 88 14 00 01 00 2c 01 00 01 00 01 00 01 00 01 00 "}
{"dir":"ser -> cli","time_ms":1762768598337,"len":20,"data":"68 12 5a 00 0c 00 07 01 14 00 01 00 f4 01 00 aa aa 00 00 00 "}
{"dir":"ser -> cli","time_ms":1762768598337,"len":16,"data":"68 0e 5c 00 0c 00 64 01 0a 03 01 00 00 00 00 14 "}
{"dir":"ser -> cli","time_ms":1762768600040,"len":18,"data":"68 10 5e 00 0c 00 0b 01 01 00 01 00 6e 00 00 0b 00 00 "}
{"dir":"ser -> cli","time_ms":1762768605050,"len":18,"data":"68 10 60 00 0c 00 0b 01 01 00 01 00 6e 00 00 0c 00 00 "}
{"dir":"cli -> ser","time_ms":1762768605050,"len":6,"data":"68 04 01 00 62 00 "}
{"dir":"cli -> ser","time_ms":1762768608353,"len":16,"data":"68 0e 0c 00 62 00 64 01 06 03 01 00 00 00 00 14 "}
{"dir":"ser -> cli","time_ms":1762768608353,"len":16,"data":"68 0e 62 00 0e 00 64 01 07 03 01 00 00 00 00 14 "}
{"dir":"ser -> cli","time_ms":1762768608353,"len":30,"data":"68 1c 64 00 0e 00 0b 03 14 00 01 00 64 00 00 ff ff 00 65 00 00 17 00 00 66 00 00 fc 08 00 "}
{"dir":"ser -> cli","time_ms":1762768608353,"len":20,"data":"68 12 66 00 0e 00 01 02 14 00 01 00 68 00 00 01 69 00 00 00 "}
{"dir":"ser -> cli","time_ms":1762768608353,"len":23,"data":"68 15 68 00 0e 00 01 88 14 00 01 00 2c 01 00 01 00 01 00 01 00 01 00 "}
{"dir":"ser -> cli","time_ms":1762768608353,"len":20,"data":"68 12 6a 00 0e 00 07 01 14 00 01 00 f4 01 00 aa aa 00 00 00 "}
{"dir":"ser -> cli","time_ms":1762768608353,"len":16,"data":"68 0e 6c 00 0e 00 64 01 0a 03 01 00 00 00 00 14 "}
{"dir":"ser -> cli","time_ms":1762768609956,"len":18,"data":"68 10 6e 00 0e 00 0b 01 01 00 01 00 6e 00 00 0d 00 00 "}
{"dir":"ser -> cli","time_ms":1762768614964,"len":18,"data":"68 10 70 00 0e 00 0b 01 01 00 01 00 6e 00 00 0e 00 00 "}
{"dir":"cli -> ser","time_ms":1762768614964,"len":6,"data":"68 04 01 00 72 00 "}
{"dir":"ser -> cli","time_ms":1762768616066,"len":18,"data":"68 10 72 00 0e 00 0b 01 01 00 01 00 6e 00 00 0f 00 00 "}
