{"dir":"ser -> cli", "time_ms":1762756903500,"len":6,"data":"68 04 07 00 00 00 "}
{"dir":"cli -> ser", "time_ms":1762756903500,"len":6,"data":"68 04 0b 00 00 00 "}
{"dir":"ser -> cli", "time_ms":1762756903600,"len":16,"data":"68 0e 00 00 00 00 64 01 06 03 01 00 00 00 00 14 "}
{"dir":"cli -> ser", "time_ms":1762756903600,"len":16,"data":"68 0e 00 00 02 00 64 01 07 03 01 00 00 00 00 14 "}
{"dir":"cli -> ser", "time_ms":1762756903600,"len":30,"data":"68 1c 02 00 02 00 0b 03 14 00 01 00 64 00 00 ff ff 00 65 00 00 17 00 00 66 00 00 fc 08 00 "}
{"dir":"cli -> ser", "time_ms":1762756903600,"len":20,"data":"68 12 04 00 02 00 01 02 14 00 01 00 68 00 00 01 69 00 00 00 "}
{"dir":"cli -> ser", "time_ms":1762756903600,"len":23,"data":"68 15 06 00 02 00 01 88 14 00 01 00 2c 01 00 01 00 01 00 01 00 01 00 "}
{"dir":"cli -> ser", "time_ms":1762756903600,"len":20,"data":"68 12 08 00 02 00 07 01 14 00 01 00 f4 01 00 aa aa 00 00 00 "}
{"dir":"cli -> ser", "time_ms":1762756903600,"len":16,"data":"68 0e 0a 00 02 00 64 01 0a 03 01 00 00 00 00 14 "}
{"dir":"cli -> ser", "time_ms":1762756905604,"len":18,"data":"68 10 0c 00 02 00 0b 01 01 00 01 00 6e 00 00 00 00 00 "}
{"dir":"cli -> ser", "time_ms":1762756910513,"len":18,"data":"68 10 0e 00 02 00 0b 01 01 00 01 00 6e 00 00 01 00 00 "}
{"dir":"ser -> cli", "time_ms":1762756910513,"len":6,"data":"68 04 01 00 10 00 "}
{"dir":"ser -> cli", "time_ms":1762756913614,"len":16,"data":"68 0e 02 00 10 00 64 01 06 03 01 00 00 00 00 14 "}
{"dir":"cli -> ser", "time_ms":1762756913614,"len":16,"data":"68 0e 10 00 04 00 64 01 07 03 01 00 00 00 00 14 "}
{"dir":"cli -> ser", "time_ms":1762756913614,"len":30,"data":"68 1c 12 00 04 00 0b 03 14 00 01 00 64 00 00 ff ff 00 65 00 00 17 00 00 66 00 00 fc 08 00 "}
{"dir":"cli -> ser", "time_ms":1762756913614,"len":20,"data":"68 12 14 00 04 00 01 02 14 00 01 00 68 00 00 01 69 00 00 00 "}
{"dir":"cli -> ser", "time_ms":1762756913614,"len":23,"data":"68 15 16 00 04 00 01 88 14 00 01 00 2c 01 00 01 00 01 00 01 00 01 00 "}
{"dir":"cli -> ser", "time_ms":1762756913614,"len":20,"data":"68 12 18 00 04 00 07 01 14 00 01 00 f4 01 00 aa aa 00 00 00 "}
{"dir":"cli -> ser", "time_ms":1762756913614,"len":16,"data":"68 0e 1a 00 04 00 64 01 0a 03 01 00 00 00 00 14 "}
{"dir":"cli -> ser", "time_ms":1762756915517,"len":18,"data":"68 10 1c 00 04 00 0b 01 01 00 01 00 6e 00 00 02 00 00 "}
{"dir":"cli -> ser", "time_ms":1762756920527,"len":18,"data":"68 10 1e 00 04 00 0b 01 01 00 01 00 6e 00 00 03 00 00 "}
{"dir":"ser -> cli", "time_ms":1762756920527,"len":6,"data":"68 04 01 00 20 00 "}
{"dir":"ser -> cli", "time_ms":1762756923627,"len":16,"data":"68 0e 04 00 20 00 64 01 06 03 01 00 00 00 00 14 "}
{"dir":"cli -> ser", "time_ms":1762756923627,"len":16,"data":"68 0e 20 00 06 00 64 01 07 03 01 00 00 00 00 14 "}
{"dir":"cli -> ser", "time_ms":1762756923627,"len":30,"data":"68 1c 22 00 06 00 0b 03 14 00 01 00 64 00 00 ff ff 00 65 00 00 17 00 00 66 00 00 fc 08 00 "}
{"dir":"cli -> ser", "time_ms":1762756923627,"len":20,"data":"68 12 24 00 06 00 01 02 14 00 01 00 68 00 00 01 69 00 00 00 "}
{"dir":"cli -> ser", "time_ms":1762756923627,"len":23,"data":"68 15 26 00 06 00 01 88 14 00 01 00 2c 01 00 01 00 01 00 01 00 01 00 "}
{"dir":"cli -> ser", "time_ms":1762756923627,"len":20,"data":"68 12 28 00 06 00 07 01 14 00 01 00 f4 01 00 aa aa 00 00 00 "}
{"dir":"cli -> ser", "time_ms":1762756923627,"len":16,"data":"68 0e 2a 00 06 00 64 01 0a 03 01 00 00 00 00 14 "}
{"dir":"cli -> ser", "time_ms":1762756925530,"len":18,"data":"68 10 2c 00 06 00 0b 01 01 00 01 00 6e 00 00 04 00 00 "}
{"dir":"cli -> ser", "time_ms":1762756930539,"len":18,"data":"68 10 2e 00 06 00 0b 01 01 00 01 00 6e 00 00 05 00 00 "}
{"dir":"ser -> cli", "time_ms":1762756930539,"len":6,"data":"68 04 01 00 30 00 "}
{"dir":"ser -> cli", "time_ms":1762756933639,"len":16,"data":"68 0e 06 00 30 00 64 01 06 03 01 00 00 00 00 14 "}
{"dir":"cli -> ser", "time_ms":1762756933639,"len":16,"data":"68 0e 30 00 08 00 64 01 07 03 01 00 00 00 00 14 "}
{"dir":"cli -> ser", "time_ms":1762756933639,"len":30,"data":"68 1c 32 00 08 00 0b 03 14 00 01 00 64 00 00 ff ff 00 65 00 00 17 00 00 66 00 00 fc 08 00 "}
{"dir":"cli -> ser", "time_ms":1762756933639,"len":20,"data":"68 12 34 00 08 00 01 02 14 00 01 00 68 00 00 01 69 00 00 00 "}
{"dir":"cli -> ser", "time_ms":1762756933639,"len":23,"data":"68 15 36 00 08 00 01 88 14 00 01 00 2c 01 00 01 00 01 00 01 00 01 00 "}
{"dir":"cli -> ser", "time_ms":1762756933639,"len":20,"data":"68 12 38 00 08 00 07 01 14 00 01 00 f4 01 00 aa aa 00 00 00 "}
{"dir":"cli -> ser", "time_ms":1762756933639,"len":16,"data":"68 0e 3a 00 08 00 64 01 0a 03 01 00 00 00 00 14 "}
{"dir":"cli -> ser", "time_ms":1762756935543,"len":18,"data":"68 10 3c 00 08 00 0b 01 01 00 01 00 6e 00 00 06 00 00 "}
{"dir":"cli -> ser", "time_ms":1762756940552,"len":18,"data":"68 10 3e 00 08 00 0b 01 01 00 01 00 6e 00 00 07 00 00 "}
{"dir":"ser -> cli", "time_ms":1762756940552,"len":6,"data":"68 04 01 00 40 00 "}
{"dir":"ser -> cli", "time_ms":1762756943652,"len":16,"data":"68 0e 08 00 40 00 64 01 06 03 01 00 00 00 00 14 "}
{"dir":"cli -> ser", "time_ms":1762756943652,"len":16,"data":"68 0e 40 00 0a 00 64 01 07 03 01 00 00 00 00 14 "}
{"dir":"cli -> ser", "time_ms":1762756943652,"len":30,"data":"68 1c 42 00 0a 00 0b 03 14 00 01 00 64 00 00 ff ff 00 65 00 00 17 00 00 66 00 00 fc 08 00 "}
{"dir":"cli -> ser", "time_ms":1762756943652,"len":20,"data":"68 12 44 00 0a 00 01 02 14 00 01 00 68 00 00 01 69 00 00 00 "}
{"dir":"cli -> ser", "time_ms":1762756943652,"len":23,"data":"68 15 46 00 0a 00 01 88 14 00 01 00 2c 01 00 01 00 01 00 01 00 01 00 "}
{"dir":"cli -> ser", "time_ms":1762756943652,"len":20,"data":"68 12 48 00 0a 00 07 01 14 00 01 00 f4 01 00 aa aa 00 00 00 "}
{"dir":"cli -> ser", "time_ms":1762756943652,"len":16,"data":"68 0e 4a 00 0a 00 64 01 0a 03 01 00 00 00 00 14 "}
{"dir":"cli -> ser", "time_ms":1762756945555,"len":18,"data":"68 10 4c 00 0a 00 0b 01 01 00 01 00 6e 00 00 08 00 00 "}
{"dir":"cli -> ser", "time_ms":1762756950564,"len":18,"data":"68 10 4e 00 0a 00 0b 01 01 00 01 00 6e 00 00 09 00 00 "}
{"dir":"ser -> cli", "time_ms":1762756950564,"len":6,"data":"68 04 01 00 50 00 "}
